SF:/home/jesse/ry/crates/_ryo3-dev/src/anystr.rs
FN:37,_RNvNtCs2OSVRbilGt5_8ryo3_dev6anystr10bytes_noop
FN:27,_RNvNtCs2OSVRbilGt5_8ryo3_dev6anystr11anystr_noop
FN:32,_RNvNtCs2OSVRbilGt5_8ryo3_dev6anystr11string_noop
FN:44,_RNvNtCs2OSVRbilGt5_8ryo3_dev6anystr9pymod_add
FNDA:0,_RNvNtCs2OSVRbilGt5_8ryo3_dev6anystr10bytes_noop
FNDA:4,_RNvNtCs2OSVRbilGt5_8ryo3_dev6anystr11anystr_noop
FNDA:0,_RNvNtCs2OSVRbilGt5_8ryo3_dev6anystr11string_noop
FNDA:8,_RNvNtCs2OSVRbilGt5_8ryo3_dev6anystr9pymod_add
FNF:4
FNH:2
DA:27,4
DA:28,4
DA:29,4
DA:32,0
DA:33,0
DA:34,0
DA:37,0
DA:38,0
DA:39,0
DA:40,0
DA:41,0
DA:42,0
DA:44,8
DA:45,8
DA:46,8
DA:47,8
DA:48,8
DA:49,8
BRF:0
BRH:0
LF:18
LH:9
end_of_record
SF:/home/jesse/ry/crates/_ryo3-dev/src/lib.rs
FN:21,_RNvCs2OSVRbilGt5_8ryo3_dev9pymod_add
FNDA:8,_RNvCs2OSVRbilGt5_8ryo3_dev9pymod_add
FNF:1
FNH:1
DA:21,8
DA:22,8
DA:23,8
DA:24,8
DA:25,8
BRF:0
BRH:0
LF:5
LH:5
end_of_record
SF:/home/jesse/ry/crates/_ryo3-dev/src/sp/done.rs
FN:16,_RNvMNtNtCs2OSVRbilGt5_8ryo3_dev2sp4doneNtB2_4Done3new
FNDA:1,_RNvMNtNtCs2OSVRbilGt5_8ryo3_dev2sp4doneNtB2_4Done3new
FNF:1
FNH:1
DA:16,1
DA:17,1
DA:18,1
DA:19,1
DA:20,1
DA:21,1
DA:22,1
DA:23,1
BRF:0
BRH:0
LF:8
LH:8
end_of_record
SF:/home/jesse/ry/crates/_ryo3-dev/src/sp/mod.rs
FN:9,_RNvNtCs2OSVRbilGt5_8ryo3_dev2sp9pymod_add
FNDA:8,_RNvNtCs2OSVRbilGt5_8ryo3_dev2sp9pymod_add
FNF:1
FNH:1
DA:9,8
DA:10,8
DA:11,8
DA:12,8
BRF:0
BRH:0
LF:4
LH:4
end_of_record
SF:/home/jesse/ry/crates/_ryo3-dev/src/sp/pydone.rs
FN:39,_RNvMsa_NtNtCs2OSVRbilGt5_8ryo3_dev2sp6pydoneNtB5_6PyDone10returncode
FN:15,_RNvMsa_NtNtCs2OSVRbilGt5_8ryo3_dev2sp6pydoneNtB5_6PyDone3new
FN:44,_RNvMsa_NtNtCs2OSVRbilGt5_8ryo3_dev2sp6pydoneNtB5_6PyDone4args
FN:34,_RNvMsa_NtNtCs2OSVRbilGt5_8ryo3_dev2sp6pydoneNtB5_6PyDone6stderr
FN:29,_RNvMsa_NtNtCs2OSVRbilGt5_8ryo3_dev2sp6pydoneNtB5_6PyDone6stdout
FN:24,_RNvMsa_NtNtCs2OSVRbilGt5_8ryo3_dev2sp6pydoneNtB5_6PyDone7___str__
FN:20,_RNvMsa_NtNtCs2OSVRbilGt5_8ryo3_dev2sp6pydoneNtB5_6PyDone8___repr__
FN:12,_RNvMsc_NtNtCs2OSVRbilGt5_8ryo3_dev2sp6pydoneNtB5_6PyDone20___pymethod___str____
FN:12,_RNvMsc_NtNtCs2OSVRbilGt5_8ryo3_dev2sp6pydoneNtB5_6PyDone21___pymethod___repr____
FN:12,_RNvMsc_NtNtCs2OSVRbilGt5_8ryo3_dev2sp6pydoneNtB5_6PyDone21___pymethod_get_args__
FN:12,_RNvMsc_NtNtCs2OSVRbilGt5_8ryo3_dev2sp6pydoneNtB5_6PyDone23___pymethod_get_stderr__
FN:12,_RNvMsc_NtNtCs2OSVRbilGt5_8ryo3_dev2sp6pydoneNtB5_6PyDone23___pymethod_get_stdout__
FN:12,_RNvMsc_NtNtCs2OSVRbilGt5_8ryo3_dev2sp6pydoneNtB5_6PyDone27___pymethod_get_returncode__
FN:50,_RNvXNtNtCs2OSVRbilGt5_8ryo3_dev2sp6pydoneNtB2_6PyDoneINtNtCs66KPHxksi63_4core7convert4FromNtNtB4_4done4DoneE4from
FNDA:1,_RNvMsa_NtNtCs2OSVRbilGt5_8ryo3_dev2sp6pydoneNtB5_6PyDone10returncode
FNDA:0,_RNvMsa_NtNtCs2OSVRbilGt5_8ryo3_dev2sp6pydoneNtB5_6PyDone3new
FNDA:0,_RNvMsa_NtNtCs2OSVRbilGt5_8ryo3_dev2sp6pydoneNtB5_6PyDone4args
FNDA:0,_RNvMsa_NtNtCs2OSVRbilGt5_8ryo3_dev2sp6pydoneNtB5_6PyDone6stderr
FNDA:0,_RNvMsa_NtNtCs2OSVRbilGt5_8ryo3_dev2sp6pydoneNtB5_6PyDone6stdout
FNDA:1,_RNvMsa_NtNtCs2OSVRbilGt5_8ryo3_dev2sp6pydoneNtB5_6PyDone7___str__
FNDA:1,_RNvMsa_NtNtCs2OSVRbilGt5_8ryo3_dev2sp6pydoneNtB5_6PyDone8___repr__
FNDA:0,_RNvMsc_NtNtCs2OSVRbilGt5_8ryo3_dev2sp6pydoneNtB5_6PyDone20___pymethod___str____
FNDA:0,_RNvMsc_NtNtCs2OSVRbilGt5_8ryo3_dev2sp6pydoneNtB5_6PyDone21___pymethod___repr____
FNDA:0,_RNvMsc_NtNtCs2OSVRbilGt5_8ryo3_dev2sp6pydoneNtB5_6PyDone21___pymethod_get_args__
FNDA:0,_RNvMsc_NtNtCs2OSVRbilGt5_8ryo3_dev2sp6pydoneNtB5_6PyDone23___pymethod_get_stderr__
FNDA:0,_RNvMsc_NtNtCs2OSVRbilGt5_8ryo3_dev2sp6pydoneNtB5_6PyDone23___pymethod_get_stdout__
FNDA:0,_RNvMsc_NtNtCs2OSVRbilGt5_8ryo3_dev2sp6pydoneNtB5_6PyDone27___pymethod_get_returncode__
FNDA:1,_RNvXNtNtCs2OSVRbilGt5_8ryo3_dev2sp6pydoneNtB2_6PyDoneINtNtCs66KPHxksi63_4core7convert4FromNtNtB4_4done4DoneE4from
FNF:9
FNH:4
DA:12,0
DA:15,0
DA:16,0
DA:17,0
DA:18,0
DA:20,1
DA:21,1
DA:22,1
DA:23,1
DA:24,1
DA:25,1
DA:26,1
DA:29,0
DA:30,0
DA:31,0
DA:34,0
DA:35,0
DA:36,0
DA:39,1
DA:40,1
DA:41,1
DA:44,0
DA:45,0
DA:46,0
DA:50,1
DA:51,1
DA:52,1
BRF:0
BRH:0
LF:27
LH:13
end_of_record
SF:/home/jesse/ry/crates/_ryo3-dev/src/sp/run.rs
FN:42,_RINvNtNtCs2OSVRbilGt5_8ryo3_dev2sp3run11communicateNtNtCsiKSG5X70Gj7_3std7process11ChildStderrEB6_
FN:42,_RINvNtNtCs2OSVRbilGt5_8ryo3_dev2sp3run11communicateNtNtCsiKSG5X70Gj7_3std7process11ChildStdoutEB6_
FN:17,_RINvNtNtCs2OSVRbilGt5_8ryo3_dev2sp3run15communicate_teeNtNtNtCsiKSG5X70Gj7_3std2io5stdio6StderrNtNtBX_7process11ChildStderrEB6_
FN:17,_RINvNtNtCs2OSVRbilGt5_8ryo3_dev2sp3run15communicate_teeNtNtNtCsiKSG5X70Gj7_3std2io5stdio6StdoutNtNtBX_7process11ChildStdoutEB6_
FN:109,_RNCNvNtNtCs2OSVRbilGt5_8ryo3_dev2sp3run3run0B7_
FN:116,_RNCNvNtNtCs2OSVRbilGt5_8ryo3_dev2sp3run3runs0_0B7_
FN:118,_RNCNvNtNtCs2OSVRbilGt5_8ryo3_dev2sp3run3runs1_0B7_
FN:111,_RNCNvNtNtCs2OSVRbilGt5_8ryo3_dev2sp3run3runs_0B7_
FN:70,_RNvNtNtCs2OSVRbilGt5_8ryo3_dev2sp3run3run
FNDA:1,_RINvNtNtCs2OSVRbilGt5_8ryo3_dev2sp3run11communicateNtNtCsiKSG5X70Gj7_3std7process11ChildStderrEB6_
FNDA:1,_RINvNtNtCs2OSVRbilGt5_8ryo3_dev2sp3run11communicateNtNtCsiKSG5X70Gj7_3std7process11ChildStdoutEB6_
FNDA:0,_RINvNtNtCs2OSVRbilGt5_8ryo3_dev2sp3run15communicate_teeNtNtNtCsiKSG5X70Gj7_3std2io5stdio6StderrNtNtBX_7process11ChildStderrEB6_
FNDA:0,_RINvNtNtCs2OSVRbilGt5_8ryo3_dev2sp3run15communicate_teeNtNtNtCsiKSG5X70Gj7_3std2io5stdio6StdoutNtNtBX_7process11ChildStdoutEB6_
FNDA:0,_RNCNvNtNtCs2OSVRbilGt5_8ryo3_dev2sp3run3run0B7_
FNDA:0,_RNCNvNtNtCs2OSVRbilGt5_8ryo3_dev2sp3run3runs0_0B7_
FNDA:1,_RNCNvNtNtCs2OSVRbilGt5_8ryo3_dev2sp3run3runs1_0B7_
FNDA:1,_RNCNvNtNtCs2OSVRbilGt5_8ryo3_dev2sp3run3runs_0B7_
FNDA:1,_RNvNtNtCs2OSVRbilGt5_8ryo3_dev2sp3run3run
FNF:7
FNH:4
DA:17,0
DA:18,0
DA:19,0
DA:20,0
DA:21,0
DA:22,0
DA:23,0
DA:24,0
DA:27,0
DA:28,0
DA:29,0
DA:30,0
DA:32,0
DA:33,0
DA:34,0
DA:35,0
DA:36,0
DA:38,0
DA:39,0
DA:42,2
DA:43,2
DA:44,2
DA:45,2
DA:46,2
DA:47,2
DA:48,2
DA:51,3
DA:52,3
DA:53,2
DA:54,1
DA:57,1
DA:59,1
DA:60,1
DA:61,1
DA:62,1
DA:65,2
DA:66,2
DA:70,1
DA:71,1
DA:72,1
DA:73,1
DA:74,1
DA:75,1
DA:76,1
DA:78,1
DA:79,0
DA:80,1
DA:81,1
DA:82,1
DA:83,0
DA:84,1
DA:85,1
DA:87,1
DA:88,0
DA:89,0
DA:90,0
DA:92,1
DA:93,1
DA:94,1
DA:95,1
DA:96,1
DA:97,1
DA:99,1
DA:100,1
DA:103,1
DA:106,1
DA:107,1
DA:108,1
DA:109,0
DA:111,1
DA:115,1
DA:116,0
DA:118,1
DA:121,1
DA:122,1
DA:124,1
DA:125,1
DA:127,1
DA:128,1
DA:129,1
DA:130,1
DA:131,1
DA:132,1
DA:134,1
DA:135,1
DA:136,1
BRF:0
BRH:0
LF:90
LH:62
end_of_record
SF:/home/jesse/ry/crates/_ryo3-quick-maths/src/lib.rs
FN:24,_RNvCsbxZqSHH0YDj_16ryo3_quick_maths11quick_maths
FN:31,_RNvCsbxZqSHH0YDj_16ryo3_quick_maths9pymod_add
FNDA:0,_RNvCsbxZqSHH0YDj_16ryo3_quick_maths11quick_maths
FNDA:8,_RNvCsbxZqSHH0YDj_16ryo3_quick_maths9pymod_add
FNF:2
FNH:1
DA:24,0
DA:26,0
DA:27,0
DA:28,0
DA:29,0
DA:31,8
DA:32,8
DA:33,8
DA:34,8
BRF:0
BRH:0
LF:9
LH:4
end_of_record
SF:/home/jesse/ry/crates/ryo3-brotli/src/lib.rs
FN:68,_RNvCs8rQFXo1U66s_11ryo3_brotli13brotli_decode
FN:41,_RNvCs8rQFXo1U66s_11ryo3_brotli13brotli_encode
FN:55,_RNvCs8rQFXo1U66s_11ryo3_brotli6brotli
FN:8,_RNvCs8rQFXo1U66s_11ryo3_brotli6encode
FN:77,_RNvCs8rQFXo1U66s_11ryo3_brotli9pymod_add
FN:73,_RNCNvCs8rQFXo1U66s_11ryo3_brotli13brotli_decode0B3_
FNDA:3,_RNvCs8rQFXo1U66s_11ryo3_brotli13brotli_decode
FNDA:3,_RNvCs8rQFXo1U66s_11ryo3_brotli13brotli_encode
FNDA:0,_RNvCs8rQFXo1U66s_11ryo3_brotli6brotli
FNDA:3,_RNvCs8rQFXo1U66s_11ryo3_brotli6encode
FNDA:8,_RNvCs8rQFXo1U66s_11ryo3_brotli9pymod_add
FNDA:0,_RNCNvCs8rQFXo1U66s_11ryo3_brotli13brotli_decode0B3_
FNF:6
FNH:4
DA:8,3
DA:9,3
DA:10,0
DA:11,0
DA:12,0
DA:13,0
DA:14,0
DA:15,0
DA:16,0
DA:18,3
DA:20,3
DA:21,1
DA:22,1
DA:23,1
DA:24,1
DA:25,1
DA:26,1
DA:27,1
DA:28,1
DA:29,1
DA:31,2
DA:32,2
DA:33,2
DA:35,3
DA:36,3
DA:41,3
DA:42,3
DA:43,3
DA:44,3
DA:45,3
DA:46,3
DA:47,3
DA:48,3
DA:49,3
DA:50,3
DA:55,0
DA:56,0
DA:57,0
DA:58,0
DA:59,0
DA:60,0
DA:61,0
DA:62,0
DA:63,0
DA:64,0
DA:68,3
DA:69,3
DA:70,3
DA:71,3
DA:72,3
DA:73,3
DA:74,3
DA:75,3
DA:77,8
DA:78,8
DA:79,8
DA:80,8
DA:81,8
DA:82,8
BRF:0
BRH:0
LF:60
LH:42
end_of_record
SF:/home/jesse/ry/crates/ryo3-bytes/src/bytes_like.rs
FN:11,_RNvNtCs6ag8SEitiri_10ryo3_bytes10bytes_like17extract_bytes_ref
FN:25,_RNvNtCs6ag8SEitiri_10ryo3_bytes10bytes_like21extract_bytes_ref_str
FNDA:54,_RNvNtCs6ag8SEitiri_10ryo3_bytes10bytes_like17extract_bytes_ref
FNDA:2,_RNvNtCs6ag8SEitiri_10ryo3_bytes10bytes_like21extract_bytes_ref_str
FNF:2
FNH:2
DA:11,54
DA:12,54
DA:13,28
DA:14,26
DA:15,26
DA:16,26
DA:18,0
DA:19,0
DA:20,0
DA:22,54
DA:25,2
DA:26,2
DA:27,1
DA:28,1
DA:29,0
DA:30,0
DA:31,1
DA:32,1
DA:34,0
DA:35,0
DA:36,0
DA:38,2
BRF:0
BRH:0
LF:22
LH:14
end_of_record
SF:/home/jesse/ry/crates/ryo3-bytes/src/lib.rs
FN:26,_RNvCs6ag8SEitiri_10ryo3_bytes9pymod_add
FNDA:8,_RNvCs6ag8SEitiri_10ryo3_bytes9pymod_add
FNF:1
FNH:1
DA:26,8
DA:27,8
DA:30,8
DA:31,8
DA:33,8
DA:34,8
BRF:0
BRH:0
LF:6
LH:6
end_of_record
SF:/home/jesse/ry/crates/ryo3-bytes/src/python_bytes_methods.rs
FN:424,_RNCNvNtCs6ag8SEitiri_10ryo3_bytes20python_bytes_methods10hex_encode0B5_
FN:270,_RNCNvYNtNtCs6ag8SEitiri_10ryo3_bytes10ryo3_bytes7PyBytesNtNtB8_20python_bytes_methods18PythonBytesMethods10py_fromhex0B8_
FN:279,_RNCNvYNtNtCs6ag8SEitiri_10ryo3_bytes10ryo3_bytes7PyBytesNtNtB8_20python_bytes_methods18PythonBytesMethods10py_fromhexs0_0B8_
FN:281,_RNCNvYNtNtCs6ag8SEitiri_10ryo3_bytes10ryo3_bytes7PyBytesNtNtB8_20python_bytes_methods18PythonBytesMethods10py_fromhexs1_0B8_
FN:274,_RNCNvYNtNtCs6ag8SEitiri_10ryo3_bytes10ryo3_bytes7PyBytesNtNtB8_20python_bytes_methods18PythonBytesMethods10py_fromhexs_0B8_
FN:62,_RNCNvYNtNtCs6ag8SEitiri_10ryo3_bytes10ryo3_bytes7PyBytesNtNtB8_20python_bytes_methods18PythonBytesMethods8py_strip0B8_
FN:71,_RNCNvYNtNtCs6ag8SEitiri_10ryo3_bytes10ryo3_bytes7PyBytesNtNtB8_20python_bytes_methods18PythonBytesMethods8py_strips0_0B8_
FN:76,_RNCNvYNtNtCs6ag8SEitiri_10ryo3_bytes10ryo3_bytes7PyBytesNtNtB8_20python_bytes_methods18PythonBytesMethods8py_strips1_0B8_
FN:77,_RNCNvYNtNtCs6ag8SEitiri_10ryo3_bytes10ryo3_bytes7PyBytesNtNtB8_20python_bytes_methods18PythonBytesMethods8py_strips2_0B8_
FN:82,_RNCNvYNtNtCs6ag8SEitiri_10ryo3_bytes10ryo3_bytes7PyBytesNtNtB8_20python_bytes_methods18PythonBytesMethods8py_strips3_0B8_
FN:70,_RNCNvYNtNtCs6ag8SEitiri_10ryo3_bytes10ryo3_bytes7PyBytesNtNtB8_20python_bytes_methods18PythonBytesMethods8py_strips_0B8_
FN:103,_RNCNvYNtNtCs6ag8SEitiri_10ryo3_bytes10ryo3_bytes7PyBytesNtNtB8_20python_bytes_methods18PythonBytesMethods9py_lstrip0B8_
FN:110,_RNCNvYNtNtCs6ag8SEitiri_10ryo3_bytes10ryo3_bytes7PyBytesNtNtB8_20python_bytes_methods18PythonBytesMethods9py_lstrips0_0B8_
FN:109,_RNCNvYNtNtCs6ag8SEitiri_10ryo3_bytes10ryo3_bytes7PyBytesNtNtB8_20python_bytes_methods18PythonBytesMethods9py_lstrips_0B8_
FN:133,_RNCNvYNtNtCs6ag8SEitiri_10ryo3_bytes10ryo3_bytes7PyBytesNtNtB8_20python_bytes_methods18PythonBytesMethods9py_rstrip0B8_
FN:139,_RNCNvYNtNtCs6ag8SEitiri_10ryo3_bytes10ryo3_bytes7PyBytesNtNtB8_20python_bytes_methods18PythonBytesMethods9py_rstrips0_0B8_
FN:140,_RNCNvYNtNtCs6ag8SEitiri_10ryo3_bytes10ryo3_bytes7PyBytesNtNtB8_20python_bytes_methods18PythonBytesMethods9py_rstrips1_0B8_
FN:134,_RNCNvYNtNtCs6ag8SEitiri_10ryo3_bytes10ryo3_bytes7PyBytesNtNtB8_20python_bytes_methods18PythonBytesMethods9py_rstrips_0B8_
FN:268,_RNvYNtNtCs6ag8SEitiri_10ryo3_bytes10ryo3_bytes7PyBytesNtNtB6_20python_bytes_methods18PythonBytesMethods10py_fromhexB6_
FN:196,_RNvYNtNtCs6ag8SEitiri_10ryo3_bytes10ryo3_bytes7PyBytesNtNtB6_20python_bytes_methods18PythonBytesMethods10py_istitleB6_
FN:392,_RNvYNtNtCs6ag8SEitiri_10ryo3_bytes10ryo3_bytes7PyBytesNtNtB6_20python_bytes_methods18PythonBytesMethods11py_swapcaseB6_
FN:34,_RNvYNtNtCs6ag8SEitiri_10ryo3_bytes10ryo3_bytes7PyBytesNtNtB6_20python_bytes_methods18PythonBytesMethods13py_capitalizeB6_
FN:363,_RNvYNtNtCs6ag8SEitiri_10ryo3_bytes10ryo3_bytes7PyBytesNtNtB6_20python_bytes_methods18PythonBytesMethods13py_expandtabsB6_
FN:287,_RNvYNtNtCs6ag8SEitiri_10ryo3_bytes10ryo3_bytes7PyBytesNtNtB6_20python_bytes_methods18PythonBytesMethods6py_hexB6_
FN:10,_RNvYNtNtCs6ag8SEitiri_10ryo3_bytes10ryo3_bytes7PyBytesNtNtB6_20python_bytes_methods18PythonBytesMethods7py_hashB6_
FN:49,_RNvYNtNtCs6ag8SEitiri_10ryo3_bytes10ryo3_bytes7PyBytesNtNtB6_20python_bytes_methods18PythonBytesMethods8py_stripB6_
FN:227,_RNvYNtNtCs6ag8SEitiri_10ryo3_bytes10ryo3_bytes7PyBytesNtNtB6_20python_bytes_methods18PythonBytesMethods8py_titleB6_
FN:24,_RNvYNtNtCs6ag8SEitiri_10ryo3_bytes10ryo3_bytes7PyBytesNtNtB6_20python_bytes_methods18PythonBytesMethods9py_decodeB6_
FN:88,_RNvYNtNtCs6ag8SEitiri_10ryo3_bytes10ryo3_bytes7PyBytesNtNtB6_20python_bytes_methods18PythonBytesMethods9py_lstripB6_
FN:118,_RNvYNtNtCs6ag8SEitiri_10ryo3_bytes10ryo3_bytes7PyBytesNtNtB6_20python_bytes_methods18PythonBytesMethods9py_rstripB6_
FN:423,_RNvNtCs6ag8SEitiri_10ryo3_bytes20python_bytes_methods10hex_encodeB3_
FN:413,_RNvNtCs6ag8SEitiri_10ryo3_bytes20python_bytes_methods7hex_valB3_
FNDA:769,_RNCNvNtCs6ag8SEitiri_10ryo3_bytes20python_bytes_methods10hex_encode0B5_
FNDA:1538,_RNCNvYNtNtCs6ag8SEitiri_10ryo3_bytes10ryo3_bytes7PyBytesNtNtB8_20python_bytes_methods18PythonBytesMethods10py_fromhex0B8_
FNDA:0,_RNCNvYNtNtCs6ag8SEitiri_10ryo3_bytes10ryo3_bytes7PyBytesNtNtB8_20python_bytes_methods18PythonBytesMethods10py_fromhexs0_0B8_
FNDA:0,_RNCNvYNtNtCs6ag8SEitiri_10ryo3_bytes10ryo3_bytes7PyBytesNtNtB8_20python_bytes_methods18PythonBytesMethods10py_fromhexs1_0B8_
FNDA:0,_RNCNvYNtNtCs6ag8SEitiri_10ryo3_bytes10ryo3_bytes7PyBytesNtNtB8_20python_bytes_methods18PythonBytesMethods10py_fromhexs_0B8_
FNDA:81,_RNCNvYNtNtCs6ag8SEitiri_10ryo3_bytes10ryo3_bytes7PyBytesNtNtB8_20python_bytes_methods18PythonBytesMethods8py_strip0B8_
FNDA:15,_RNCNvYNtNtCs6ag8SEitiri_10ryo3_bytes10ryo3_bytes7PyBytesNtNtB8_20python_bytes_methods18PythonBytesMethods8py_strips0_0B8_
FNDA:1232,_RNCNvYNtNtCs6ag8SEitiri_10ryo3_bytes10ryo3_bytes7PyBytesNtNtB8_20python_bytes_methods18PythonBytesMethods8py_strips1_0B8_
FNDA:617,_RNCNvYNtNtCs6ag8SEitiri_10ryo3_bytes10ryo3_bytes7PyBytesNtNtB8_20python_bytes_methods18PythonBytesMethods8py_strips2_0B8_
FNDA:615,_RNCNvYNtNtCs6ag8SEitiri_10ryo3_bytes10ryo3_bytes7PyBytesNtNtB8_20python_bytes_methods18PythonBytesMethods8py_strips3_0B8_
FNDA:23,_RNCNvYNtNtCs6ag8SEitiri_10ryo3_bytes10ryo3_bytes7PyBytesNtNtB8_20python_bytes_methods18PythonBytesMethods8py_strips_0B8_
FNDA:0,_RNCNvYNtNtCs6ag8SEitiri_10ryo3_bytes10ryo3_bytes7PyBytesNtNtB8_20python_bytes_methods18PythonBytesMethods9py_lstrip0B8_
FNDA:0,_RNCNvYNtNtCs6ag8SEitiri_10ryo3_bytes10ryo3_bytes7PyBytesNtNtB8_20python_bytes_methods18PythonBytesMethods9py_lstrips0_0B8_
FNDA:0,_RNCNvYNtNtCs6ag8SEitiri_10ryo3_bytes10ryo3_bytes7PyBytesNtNtB8_20python_bytes_methods18PythonBytesMethods9py_lstrips_0B8_
FNDA:0,_RNCNvYNtNtCs6ag8SEitiri_10ryo3_bytes10ryo3_bytes7PyBytesNtNtB8_20python_bytes_methods18PythonBytesMethods9py_rstrip0B8_
FNDA:0,_RNCNvYNtNtCs6ag8SEitiri_10ryo3_bytes10ryo3_bytes7PyBytesNtNtB8_20python_bytes_methods18PythonBytesMethods9py_rstrips0_0B8_
FNDA:0,_RNCNvYNtNtCs6ag8SEitiri_10ryo3_bytes10ryo3_bytes7PyBytesNtNtB8_20python_bytes_methods18PythonBytesMethods9py_rstrips1_0B8_
FNDA:0,_RNCNvYNtNtCs6ag8SEitiri_10ryo3_bytes10ryo3_bytes7PyBytesNtNtB8_20python_bytes_methods18PythonBytesMethods9py_rstrips_0B8_
FNDA:356,_RNvYNtNtCs6ag8SEitiri_10ryo3_bytes10ryo3_bytes7PyBytesNtNtB6_20python_bytes_methods18PythonBytesMethods10py_fromhexB6_
FNDA:100,_RNvYNtNtCs6ag8SEitiri_10ryo3_bytes10ryo3_bytes7PyBytesNtNtB6_20python_bytes_methods18PythonBytesMethods10py_istitleB6_
FNDA:100,_RNvYNtNtCs6ag8SEitiri_10ryo3_bytes10ryo3_bytes7PyBytesNtNtB6_20python_bytes_methods18PythonBytesMethods11py_swapcaseB6_
FNDA:100,_RNvYNtNtCs6ag8SEitiri_10ryo3_bytes10ryo3_bytes7PyBytesNtNtB6_20python_bytes_methods18PythonBytesMethods13py_capitalizeB6_
FNDA:109,_RNvYNtNtCs6ag8SEitiri_10ryo3_bytes10ryo3_bytes7PyBytesNtNtB6_20python_bytes_methods18PythonBytesMethods13py_expandtabsB6_
FNDA:356,_RNvYNtNtCs6ag8SEitiri_10ryo3_bytes10ryo3_bytes7PyBytesNtNtB6_20python_bytes_methods18PythonBytesMethods6py_hexB6_
FNDA:0,_RNvYNtNtCs6ag8SEitiri_10ryo3_bytes10ryo3_bytes7PyBytesNtNtB6_20python_bytes_methods18PythonBytesMethods7py_hashB6_
FNDA:642,_RNvYNtNtCs6ag8SEitiri_10ryo3_bytes10ryo3_bytes7PyBytesNtNtB6_20python_bytes_methods18PythonBytesMethods8py_stripB6_
FNDA:100,_RNvYNtNtCs6ag8SEitiri_10ryo3_bytes10ryo3_bytes7PyBytesNtNtB6_20python_bytes_methods18PythonBytesMethods8py_titleB6_
FNDA:616,_RNvYNtNtCs6ag8SEitiri_10ryo3_bytes10ryo3_bytes7PyBytesNtNtB6_20python_bytes_methods18PythonBytesMethods9py_decodeB6_
FNDA:0,_RNvYNtNtCs6ag8SEitiri_10ryo3_bytes10ryo3_bytes7PyBytesNtNtB6_20python_bytes_methods18PythonBytesMethods9py_lstripB6_
FNDA:0,_RNvYNtNtCs6ag8SEitiri_10ryo3_bytes10ryo3_bytes7PyBytesNtNtB6_20python_bytes_methods18PythonBytesMethods9py_rstripB6_
FNDA:356,_RNvNtCs6ag8SEitiri_10ryo3_bytes20python_bytes_methods10hex_encodeB3_
FNDA:1538,_RNvNtCs6ag8SEitiri_10ryo3_bytes20python_bytes_methods7hex_valB3_
FNF:32
FNH:19
DA:10,0
DA:18,0
DA:19,0
DA:20,0
DA:21,0
DA:22,0
DA:24,616
DA:25,616
DA:26,616
DA:27,616
DA:28,616
DA:29,616
DA:30,616
DA:31,616
DA:32,616
DA:34,100
DA:35,100
DA:36,100
DA:37,1
DA:38,99
DA:39,99
DA:40,99
DA:41,99
DA:42,99
DA:43,457
DA:44,457
DA:45,457
DA:46,99
DA:47,100
DA:49,642
DA:50,642
DA:51,642
DA:52,1
DA:53,641
DA:54,641
DA:55,30
DA:56,0
DA:57,30
DA:58,30
DA:59,95
DA:60,65
DA:61,65
DA:62,81
DA:63,15
DA:65,15
DA:66,0
DA:67,15
DA:68,15
DA:69,15
DA:70,23
DA:71,15
DA:72,15
DA:75,611
DA:76,1232
DA:77,617
DA:78,611
DA:79,6
DA:82,615
DA:84,605
DA:86,642
DA:88,0
DA:89,0
DA:90,0
DA:91,0
DA:92,0
DA:93,0
DA:94,0
DA:95,0
DA:96,0
DA:97,0
DA:98,0
DA:99,0
DA:100,0
DA:101,0
DA:102,0
DA:103,0
DA:104,0
DA:105,0
DA:108,0
DA:109,0
DA:110,0
DA:111,0
DA:112,0
DA:114,0
DA:116,0
DA:118,0
DA:119,0
DA:120,0
DA:121,0
DA:122,0
DA:123,0
DA:124,0
DA:125,0
DA:126,0
DA:127,0
DA:128,0
DA:129,0
DA:130,0
DA:131,0
DA:132,0
DA:133,0
DA:134,0
DA:135,0
DA:138,0
DA:139,0
DA:140,0
DA:141,0
DA:143,0
DA:196,100
DA:197,100
DA:198,100
DA:199,1
DA:200,99
DA:201,99
DA:202,19
DA:203,80
DA:204,80
DA:205,80
DA:206,442
DA:207,394
DA:208,45
DA:209,4
DA:210,41
DA:211,41
DA:212,41
DA:213,349
DA:214,36
DA:215,28
DA:216,8
DA:217,8
DA:218,8
DA:219,313
DA:220,313
DA:221,313
DA:223,48
DA:224,100
DA:227,100
DA:228,100
DA:229,100
DA:230,1
DA:231,99
DA:232,99
DA:233,99
DA:235,636
DA:236,537
DA:237,66
DA:238,14
DA:239,52
DA:240,52
DA:241,52
DA:242,66
DA:243,471
DA:244,56
DA:245,11
DA:246,45
DA:247,45
DA:248,45
DA:250,56
DA:251,415
DA:252,415
DA:253,415
DA:254,415
DA:256,99
DA:257,100
DA:268,356
DA:270,1538
DA:271,356
DA:272,1125
DA:274,769
DA:275,0
DA:276,0
DA:278,769
DA:279,769
DA:280,769
DA:281,769
DA:282,769
DA:284,356
DA:285,356
DA:287,356
DA:288,356
DA:289,0
DA:290,0
DA:291,0
DA:293,356
DA:294,356
DA:296,356
DA:363,109
DA:364,109
DA:365,109
DA:366,1
DA:367,108
DA:369,108
DA:370,108
DA:372,1272
DA:373,1164
DA:374,6
DA:375,6
DA:376,6
DA:377,6
DA:378,6
DA:379,8
DA:380,8
DA:381,8
DA:382,8
DA:383,1150
DA:384,1150
DA:385,1150
DA:386,1150
DA:389,108
DA:390,109
DA:392,100
DA:393,100
DA:394,100
DA:395,1
DA:396,99
DA:398,99
DA:399,724
DA:400,625
DA:401,54
DA:402,571
DA:403,74
DA:404,497
DA:405,497
DA:406,497
DA:408,99
DA:409,100
DA:413,1538
DA:414,1538
DA:415,1538
DA:416,585
DA:417,0
DA:418,0
DA:420,1538
DA:423,356
DA:424,769
DA:425,769
DA:426,769
DA:427,769
DA:428,356
BRF:0
BRH:0
LF:255
LH:183
end_of_record
SF:/home/jesse/ry/crates/ryo3-bytes/src/ryo3_bytes.rs
FN:574,_RNvXs7_NtCs6ag8SEitiri_10ryo3_bytes10ryo3_bytesNtB5_14PyBytesWrapperNtNtNtCs66KPHxksi63_4core3ops4drop4Drop4drop
FN:62,_RNvMs1_NtCs6ag8SEitiri_10ryo3_bytes10ryo3_bytesNtB5_7PyBytes10into_inner
FN:57,_RNvMs1_NtCs6ag8SEitiri_10ryo3_bytes10ryo3_bytesNtB5_7PyBytes3new
FN:80,_RNvMs1_NtCs6ag8SEitiri_10ryo3_bytes10ryo3_bytesNtB5_7PyBytes5slice
FN:67,_RNvMs1_NtCs6ag8SEitiri_10ryo3_bytes10ryo3_bytesNtB5_7PyBytes8as_slice
FN:158,_RNvMsB_NtCs6ag8SEitiri_10ryo3_bytes10ryo3_bytesNtB5_7PyBytes18___pymethod_lower__
FN:158,_RNvMsB_NtCs6ag8SEitiri_10ryo3_bytes10ryo3_bytesNtB5_7PyBytes18___pymethod_title__
FN:158,_RNvMsB_NtCs6ag8SEitiri_10ryo3_bytes10ryo3_bytesNtB5_7PyBytes18___pymethod_upper__
FN:158,_RNvMsB_NtCs6ag8SEitiri_10ryo3_bytes10ryo3_bytesNtB5_7PyBytes20___pymethod___len____
FN:158,_RNvMsB_NtCs6ag8SEitiri_10ryo3_bytes10ryo3_bytesNtB5_7PyBytes20___pymethod_isalnum__
FN:158,_RNvMsB_NtCs6ag8SEitiri_10ryo3_bytes10ryo3_bytesNtB5_7PyBytes20___pymethod_isalpha__
FN:158,_RNvMsB_NtCs6ag8SEitiri_10ryo3_bytes10ryo3_bytesNtB5_7PyBytes20___pymethod_isascii__
FN:158,_RNvMsB_NtCs6ag8SEitiri_10ryo3_bytes10ryo3_bytesNtB5_7PyBytes20___pymethod_isdigit__
FN:158,_RNvMsB_NtCs6ag8SEitiri_10ryo3_bytes10ryo3_bytesNtB5_7PyBytes20___pymethod_islower__
FN:158,_RNvMsB_NtCs6ag8SEitiri_10ryo3_bytes10ryo3_bytesNtB5_7PyBytes20___pymethod_isspace__
FN:158,_RNvMsB_NtCs6ag8SEitiri_10ryo3_bytes10ryo3_bytesNtB5_7PyBytes20___pymethod_istitle__
FN:158,_RNvMsB_NtCs6ag8SEitiri_10ryo3_bytes10ryo3_bytesNtB5_7PyBytes20___pymethod_isupper__
FN:158,_RNvMsB_NtCs6ag8SEitiri_10ryo3_bytes10ryo3_bytesNtB5_7PyBytes21___pymethod___hash____
FN:158,_RNvMsB_NtCs6ag8SEitiri_10ryo3_bytes10ryo3_bytesNtB5_7PyBytes21___pymethod___repr____
FN:158,_RNvMsB_NtCs6ag8SEitiri_10ryo3_bytes10ryo3_bytesNtB5_7PyBytes21___pymethod_swapcase__
FN:158,_RNvMsB_NtCs6ag8SEitiri_10ryo3_bytes10ryo3_bytesNtB5_7PyBytes21___pymethod_to_bytes__
FN:158,_RNvMsB_NtCs6ag8SEitiri_10ryo3_bytes10ryo3_bytesNtB5_7PyBytes22___pymethod___bytes____
FN:158,_RNvMsB_NtCs6ag8SEitiri_10ryo3_bytes10ryo3_bytesNtB5_7PyBytes23___pymethod_capitalize__
FN:158,_RNvMsB_NtCs6ag8SEitiri_10ryo3_bytes10ryo3_bytesNtB5_7PyBytes26___pymethod___getbuffer____
FN:158,_RNvMsB_NtCs6ag8SEitiri_10ryo3_bytes10ryo3_bytesNtB5_7PyBytes30___pymethod___getnewargs_ex____
FN:158,_RNvMsB_NtCs6ag8SEitiri_10ryo3_bytes10ryo3_bytesNtB5_7PyBytes30___pymethod___releasebuffer____
FN:515,_RNvMsr_NtCs6ag8SEitiri_10ryo3_bytes10ryo3_bytesNtB5_7PyBytes10capitalize
FN:524,_RNvMsr_NtCs6ag8SEitiri_10ryo3_bytes10ryo3_bytesNtB5_7PyBytes10expandtabs
FN:506,_RNvMsr_NtCs6ag8SEitiri_10ryo3_bytes10ryo3_bytesNtB5_7PyBytes10startswith
FN:202,_RNvMsr_NtCs6ag8SEitiri_10ryo3_bytes10ryo3_bytesNtB5_7PyBytes11___getitem__
FN:192,_RNvMsr_NtCs6ag8SEitiri_10ryo3_bytes10ryo3_bytesNtB5_7PyBytes12___contains__
FN:273,_RNvMsr_NtCs6ag8SEitiri_10ryo3_bytes10ryo3_bytesNtB5_7PyBytes12removeprefix
FN:284,_RNvMsr_NtCs6ag8SEitiri_10ryo3_bytes10ryo3_bytesNtB5_7PyBytes12removesuffix
FN:240,_RNvMsr_NtCs6ag8SEitiri_10ryo3_bytes10ryo3_bytesNtB5_7PyBytes13___getbuffer__
FN:168,_RNvMsr_NtCs6ag8SEitiri_10ryo3_bytes10ryo3_bytesNtB5_7PyBytes17___getnewargs_ex__
FN:268,_RNvMsr_NtCs6ag8SEitiri_10ryo3_bytes10ryo3_bytesNtB5_7PyBytes17___releasebuffer__
FN:428,_RNvMsr_NtCs6ag8SEitiri_10ryo3_bytes10ryo3_bytesNtB5_7PyBytes3hex
FN:358,_RNvMsr_NtCs6ag8SEitiri_10ryo3_bytes10ryo3_bytesNtB5_7PyBytes5lower
FN:529,_RNvMsr_NtCs6ag8SEitiri_10ryo3_bytes10ryo3_bytesNtB5_7PyBytes5strip
FN:501,_RNvMsr_NtCs6ag8SEitiri_10ryo3_bytes10ryo3_bytesNtB5_7PyBytes5title
FN:364,_RNvMsr_NtCs6ag8SEitiri_10ryo3_bytes10ryo3_bytesNtB5_7PyBytes5upper
FN:198,_RNvMsr_NtCs6ag8SEitiri_10ryo3_bytes10ryo3_bytesNtB5_7PyBytes6___eq__
FN:400,_RNvMsr_NtCs6ag8SEitiri_10ryo3_bytes10ryo3_bytesNtB5_7PyBytes6decode
FN:538,_RNvMsr_NtCs6ag8SEitiri_10ryo3_bytes10ryo3_bytesNtB5_7PyBytes6lstrip
FN:164,_RNvMsr_NtCs6ag8SEitiri_10ryo3_bytes10ryo3_bytesNtB5_7PyBytes6py_new
FN:547,_RNvMsr_NtCs6ag8SEitiri_10ryo3_bytes10ryo3_bytesNtB5_7PyBytes6rstrip
FN:184,_RNvMsr_NtCs6ag8SEitiri_10ryo3_bytes10ryo3_bytesNtB5_7PyBytes7___add__
FN:176,_RNvMsr_NtCs6ag8SEitiri_10ryo3_bytes10ryo3_bytesNtB5_7PyBytes7___len__
FN:227,_RNvMsr_NtCs6ag8SEitiri_10ryo3_bytes10ryo3_bytesNtB5_7PyBytes7___mul__
FN:442,_RNvMsr_NtCs6ag8SEitiri_10ryo3_bytes10ryo3_bytesNtB5_7PyBytes7fromhex
FN:296,_RNvMsr_NtCs6ag8SEitiri_10ryo3_bytes10ryo3_bytesNtB5_7PyBytes7isalnum
FN:303,_RNvMsr_NtCs6ag8SEitiri_10ryo3_bytes10ryo3_bytesNtB5_7PyBytes7isalpha
FN:309,_RNvMsr_NtCs6ag8SEitiri_10ryo3_bytes10ryo3_bytesNtB5_7PyBytes7isascii
FN:316,_RNvMsr_NtCs6ag8SEitiri_10ryo3_bytes10ryo3_bytesNtB5_7PyBytes7isdigit
FN:322,_RNvMsr_NtCs6ag8SEitiri_10ryo3_bytes10ryo3_bytesNtB5_7PyBytes7islower
FN:336,_RNvMsr_NtCs6ag8SEitiri_10ryo3_bytes10ryo3_bytesNtB5_7PyBytes7isspace
FN:497,_RNvMsr_NtCs6ag8SEitiri_10ryo3_bytes10ryo3_bytesNtB5_7PyBytes7istitle
FN:345,_RNvMsr_NtCs6ag8SEitiri_10ryo3_bytes10ryo3_bytesNtB5_7PyBytes7isupper
FN:380,_RNvMsr_NtCs6ag8SEitiri_10ryo3_bytes10ryo3_bytesNtB5_7PyBytes8___hash__
FN:180,_RNvMsr_NtCs6ag8SEitiri_10ryo3_bytes10ryo3_bytesNtB5_7PyBytes8___repr__
FN:233,_RNvMsr_NtCs6ag8SEitiri_10ryo3_bytes10ryo3_bytesNtB5_7PyBytes8___rmul__
FN:511,_RNvMsr_NtCs6ag8SEitiri_10ryo3_bytes10ryo3_bytesNtB5_7PyBytes8endswith
FN:519,_RNvMsr_NtCs6ag8SEitiri_10ryo3_bytes10ryo3_bytesNtB5_7PyBytes8swapcase
FN:374,_RNvMsr_NtCs6ag8SEitiri_10ryo3_bytes10ryo3_bytesNtB5_7PyBytes8to_bytes
FN:369,_RNvMsr_NtCs6ag8SEitiri_10ryo3_bytes10ryo3_bytesNtB5_7PyBytes9___bytes__
FN:607,_RNvNtCs6ag8SEitiri_10ryo3_bytes10ryo3_bytes15validate_buffer
FN:50,_RNvXs0_NtCs6ag8SEitiri_10ryo3_bytes10ryo3_bytesNtB5_7PyBytesINtNtCs66KPHxksi63_4core7convert5AsRefShE6as_ref
FN:141,_RNvXs3_NtCs6ag8SEitiri_10ryo3_bytes10ryo3_bytesNtB5_7PyBytesINtNtCs66KPHxksi63_4core7convert4FromINtNtCs8Ty2CzGA6U3_5alloc3vec3VechEE4from
FN:147,_RNvXs4_NtCs6ag8SEitiri_10ryo3_bytes10ryo3_bytesNtB5_7PyBytesINtNtCs66KPHxksi63_4core7convert4FromNtNtCsdeDPnamZes_5bytes5bytes5BytesE4from
FN:153,_RNvXs5_NtCs6ag8SEitiri_10ryo3_bytes10ryo3_bytesNtB5_7PyBytesINtNtCs66KPHxksi63_4core7convert4FromNtNtCsdeDPnamZes_5bytes9bytes_mut8BytesMutE4from
FN:558,_RNvXs6_NtCs6ag8SEitiri_10ryo3_bytes10ryo3_bytesNtB5_7PyBytesNtNtCsjhPV6BdWoWa_4pyo310conversion12FromPyObject13extract_bound
FN:592,_RNvXs8_NtCs6ag8SEitiri_10ryo3_bytes10ryo3_bytesNtB5_14PyBytesWrapperINtNtCs66KPHxksi63_4core7convert5AsRefShE6as_ref
FN:623,_RNvXs9_NtCs6ag8SEitiri_10ryo3_bytes10ryo3_bytesNtB5_14PyBytesWrapperNtNtCsjhPV6BdWoWa_4pyo310conversion12FromPyObject13extract_bound
FN:44,_RNvXs_NtCs6ag8SEitiri_10ryo3_bytes10ryo3_bytesNtB4_7PyBytesINtNtCs66KPHxksi63_4core7convert5AsRefNtNtCsdeDPnamZes_5bytes5bytes5BytesE6as_ref
FN:642,_RNvXsa_NtCs6ag8SEitiri_10ryo3_bytes10ryo3_bytesNtB5_7PyBytesNtNtCs66KPHxksi63_4core3fmt5Debug3fmt
FN:135,_RNvXs2_NtCs6ag8SEitiri_10ryo3_bytes10ryo3_bytesNtNtCsdeDPnamZes_5bytes5bytes5BytesINtNtCs66KPHxksi63_4core7convert4FromNtB5_7PyBytesE4from
FN:117,_RNCNvMs1_NtCs6ag8SEitiri_10ryo3_bytes10ryo3_bytesNtB7_7PyBytes5slice0B9_
FN:127,_RNCNvMs1_NtCs6ag8SEitiri_10ryo3_bytes10ryo3_bytesNtB7_7PyBytes5slices_0B9_
FN:163,_RNCNvMsB_NtCs6ag8SEitiri_10ryo3_bytes10ryo3_bytesNtB7_7PyBytes20___pymethod___new____0B9_
FN:217,_RNCNvMsr_NtCs6ag8SEitiri_10ryo3_bytes10ryo3_bytesNtB7_7PyBytes11___getitem__0B9_
FN:195,_RNCNvMsr_NtCs6ag8SEitiri_10ryo3_bytes10ryo3_bytesNtB7_7PyBytes12___contains__0B9_
FN:229,_RNCNvMsr_NtCs6ag8SEitiri_10ryo3_bytes10ryo3_bytesNtB7_7PyBytes7___mul__0B9_
FN:338,_RNCNvMsr_NtCs6ag8SEitiri_10ryo3_bytes10ryo3_bytesNtB7_7PyBytes7isspace0B9_
FN:612,_RNCNvNtCs6ag8SEitiri_10ryo3_bytes10ryo3_bytes15validate_buffer0B5_
FNDA:12193,_RNvXs7_NtCs6ag8SEitiri_10ryo3_bytes10ryo3_bytesNtB5_14PyBytesWrapperNtNtNtCs66KPHxksi63_4core3ops4drop4Drop4drop
FNDA:3,_RNvMs1_NtCs6ag8SEitiri_10ryo3_bytes10ryo3_bytesNtB5_7PyBytes10into_inner
FNDA:0,_RNvMs1_NtCs6ag8SEitiri_10ryo3_bytes10ryo3_bytesNtB5_7PyBytes3new
FNDA:539,_RNvMs1_NtCs6ag8SEitiri_10ryo3_bytes10ryo3_bytesNtB5_7PyBytes5slice
FNDA:385,_RNvMs1_NtCs6ag8SEitiri_10ryo3_bytes10ryo3_bytesNtB5_7PyBytes8as_slice
FNDA:0,_RNvMsB_NtCs6ag8SEitiri_10ryo3_bytes10ryo3_bytesNtB5_7PyBytes18___pymethod_lower__
FNDA:0,_RNvMsB_NtCs6ag8SEitiri_10ryo3_bytes10ryo3_bytesNtB5_7PyBytes18___pymethod_title__
FNDA:0,_RNvMsB_NtCs6ag8SEitiri_10ryo3_bytes10ryo3_bytesNtB5_7PyBytes18___pymethod_upper__
FNDA:0,_RNvMsB_NtCs6ag8SEitiri_10ryo3_bytes10ryo3_bytesNtB5_7PyBytes20___pymethod___len____
FNDA:0,_RNvMsB_NtCs6ag8SEitiri_10ryo3_bytes10ryo3_bytesNtB5_7PyBytes20___pymethod_isalnum__
FNDA:0,_RNvMsB_NtCs6ag8SEitiri_10ryo3_bytes10ryo3_bytesNtB5_7PyBytes20___pymethod_isalpha__
FNDA:0,_RNvMsB_NtCs6ag8SEitiri_10ryo3_bytes10ryo3_bytesNtB5_7PyBytes20___pymethod_isascii__
FNDA:0,_RNvMsB_NtCs6ag8SEitiri_10ryo3_bytes10ryo3_bytesNtB5_7PyBytes20___pymethod_isdigit__
FNDA:0,_RNvMsB_NtCs6ag8SEitiri_10ryo3_bytes10ryo3_bytesNtB5_7PyBytes20___pymethod_islower__
FNDA:0,_RNvMsB_NtCs6ag8SEitiri_10ryo3_bytes10ryo3_bytesNtB5_7PyBytes20___pymethod_isspace__
FNDA:0,_RNvMsB_NtCs6ag8SEitiri_10ryo3_bytes10ryo3_bytesNtB5_7PyBytes20___pymethod_istitle__
FNDA:0,_RNvMsB_NtCs6ag8SEitiri_10ryo3_bytes10ryo3_bytesNtB5_7PyBytes20___pymethod_isupper__
FNDA:0,_RNvMsB_NtCs6ag8SEitiri_10ryo3_bytes10ryo3_bytesNtB5_7PyBytes21___pymethod___hash____
FNDA:0,_RNvMsB_NtCs6ag8SEitiri_10ryo3_bytes10ryo3_bytesNtB5_7PyBytes21___pymethod___repr____
FNDA:0,_RNvMsB_NtCs6ag8SEitiri_10ryo3_bytes10ryo3_bytesNtB5_7PyBytes21___pymethod_swapcase__
FNDA:0,_RNvMsB_NtCs6ag8SEitiri_10ryo3_bytes10ryo3_bytesNtB5_7PyBytes21___pymethod_to_bytes__
FNDA:0,_RNvMsB_NtCs6ag8SEitiri_10ryo3_bytes10ryo3_bytesNtB5_7PyBytes22___pymethod___bytes____
FNDA:0,_RNvMsB_NtCs6ag8SEitiri_10ryo3_bytes10ryo3_bytesNtB5_7PyBytes23___pymethod_capitalize__
FNDA:0,_RNvMsB_NtCs6ag8SEitiri_10ryo3_bytes10ryo3_bytesNtB5_7PyBytes26___pymethod___getbuffer____
FNDA:0,_RNvMsB_NtCs6ag8SEitiri_10ryo3_bytes10ryo3_bytesNtB5_7PyBytes30___pymethod___getnewargs_ex____
FNDA:0,_RNvMsB_NtCs6ag8SEitiri_10ryo3_bytes10ryo3_bytesNtB5_7PyBytes30___pymethod___releasebuffer____
FNDA:100,_RNvMsr_NtCs6ag8SEitiri_10ryo3_bytes10ryo3_bytesNtB5_7PyBytes10capitalize
FNDA:109,_RNvMsr_NtCs6ag8SEitiri_10ryo3_bytes10ryo3_bytesNtB5_7PyBytes10expandtabs
FNDA:8,_RNvMsr_NtCs6ag8SEitiri_10ryo3_bytes10ryo3_bytesNtB5_7PyBytes10startswith
FNDA:539,_RNvMsr_NtCs6ag8SEitiri_10ryo3_bytes10ryo3_bytesNtB5_7PyBytes11___getitem__
FNDA:0,_RNvMsr_NtCs6ag8SEitiri_10ryo3_bytes10ryo3_bytesNtB5_7PyBytes12___contains__
FNDA:2,_RNvMsr_NtCs6ag8SEitiri_10ryo3_bytes10ryo3_bytesNtB5_7PyBytes12removeprefix
FNDA:2,_RNvMsr_NtCs6ag8SEitiri_10ryo3_bytes10ryo3_bytesNtB5_7PyBytes12removesuffix
FNDA:2469,_RNvMsr_NtCs6ag8SEitiri_10ryo3_bytes10ryo3_bytesNtB5_7PyBytes13___getbuffer__
FNDA:2,_RNvMsr_NtCs6ag8SEitiri_10ryo3_bytes10ryo3_bytesNtB5_7PyBytes17___getnewargs_ex__
FNDA:2469,_RNvMsr_NtCs6ag8SEitiri_10ryo3_bytes10ryo3_bytesNtB5_7PyBytes17___releasebuffer__
FNDA:356,_RNvMsr_NtCs6ag8SEitiri_10ryo3_bytes10ryo3_bytesNtB5_7PyBytes3hex
FNDA:0,_RNvMsr_NtCs6ag8SEitiri_10ryo3_bytes10ryo3_bytesNtB5_7PyBytes5lower
FNDA:642,_RNvMsr_NtCs6ag8SEitiri_10ryo3_bytes10ryo3_bytesNtB5_7PyBytes5strip
FNDA:100,_RNvMsr_NtCs6ag8SEitiri_10ryo3_bytes10ryo3_bytesNtB5_7PyBytes5title
FNDA:0,_RNvMsr_NtCs6ag8SEitiri_10ryo3_bytes10ryo3_bytesNtB5_7PyBytes5upper
FNDA:2925,_RNvMsr_NtCs6ag8SEitiri_10ryo3_bytes10ryo3_bytesNtB5_7PyBytes6___eq__
FNDA:616,_RNvMsr_NtCs6ag8SEitiri_10ryo3_bytes10ryo3_bytesNtB5_7PyBytes6decode
FNDA:0,_RNvMsr_NtCs6ag8SEitiri_10ryo3_bytes10ryo3_bytesNtB5_7PyBytes6lstrip
FNDA:3122,_RNvMsr_NtCs6ag8SEitiri_10ryo3_bytes10ryo3_bytesNtB5_7PyBytes6py_new
FNDA:0,_RNvMsr_NtCs6ag8SEitiri_10ryo3_bytes10ryo3_bytesNtB5_7PyBytes6rstrip
FNDA:0,_RNvMsr_NtCs6ag8SEitiri_10ryo3_bytes10ryo3_bytesNtB5_7PyBytes7___add__
FNDA:672,_RNvMsr_NtCs6ag8SEitiri_10ryo3_bytes10ryo3_bytesNtB5_7PyBytes7___len__
FNDA:0,_RNvMsr_NtCs6ag8SEitiri_10ryo3_bytes10ryo3_bytesNtB5_7PyBytes7___mul__
FNDA:356,_RNvMsr_NtCs6ag8SEitiri_10ryo3_bytes10ryo3_bytesNtB5_7PyBytes7fromhex
FNDA:100,_RNvMsr_NtCs6ag8SEitiri_10ryo3_bytes10ryo3_bytesNtB5_7PyBytes7isalnum
FNDA:100,_RNvMsr_NtCs6ag8SEitiri_10ryo3_bytes10ryo3_bytesNtB5_7PyBytes7isalpha
FNDA:100,_RNvMsr_NtCs6ag8SEitiri_10ryo3_bytes10ryo3_bytesNtB5_7PyBytes7isascii
FNDA:100,_RNvMsr_NtCs6ag8SEitiri_10ryo3_bytes10ryo3_bytesNtB5_7PyBytes7isdigit
FNDA:100,_RNvMsr_NtCs6ag8SEitiri_10ryo3_bytes10ryo3_bytesNtB5_7PyBytes7islower
FNDA:100,_RNvMsr_NtCs6ag8SEitiri_10ryo3_bytes10ryo3_bytesNtB5_7PyBytes7isspace
FNDA:100,_RNvMsr_NtCs6ag8SEitiri_10ryo3_bytes10ryo3_bytesNtB5_7PyBytes7istitle
FNDA:100,_RNvMsr_NtCs6ag8SEitiri_10ryo3_bytes10ryo3_bytesNtB5_7PyBytes7isupper
FNDA:0,_RNvMsr_NtCs6ag8SEitiri_10ryo3_bytes10ryo3_bytesNtB5_7PyBytes8___hash__
FNDA:257,_RNvMsr_NtCs6ag8SEitiri_10ryo3_bytes10ryo3_bytesNtB5_7PyBytes8___repr__
FNDA:0,_RNvMsr_NtCs6ag8SEitiri_10ryo3_bytes10ryo3_bytesNtB5_7PyBytes8___rmul__
FNDA:0,_RNvMsr_NtCs6ag8SEitiri_10ryo3_bytes10ryo3_bytesNtB5_7PyBytes8endswith
FNDA:100,_RNvMsr_NtCs6ag8SEitiri_10ryo3_bytes10ryo3_bytesNtB5_7PyBytes8swapcase
FNDA:11,_RNvMsr_NtCs6ag8SEitiri_10ryo3_bytes10ryo3_bytesNtB5_7PyBytes8to_bytes
FNDA:63,_RNvMsr_NtCs6ag8SEitiri_10ryo3_bytes10ryo3_bytesNtB5_7PyBytes9___bytes__
FNDA:902,_RNvNtCs6ag8SEitiri_10ryo3_bytes10ryo3_bytes15validate_buffer
FNDA:8121,_RNvXs0_NtCs6ag8SEitiri_10ryo3_bytes10ryo3_bytesNtB5_7PyBytesINtNtCs66KPHxksi63_4core7convert5AsRefShE6as_ref
FNDA:2314,_RNvXs3_NtCs6ag8SEitiri_10ryo3_bytes10ryo3_bytesNtB5_7PyBytesINtNtCs66KPHxksi63_4core7convert4FromINtNtCs8Ty2CzGA6U3_5alloc3vec3VechEE4from
FNDA:1364,_RNvXs4_NtCs6ag8SEitiri_10ryo3_bytes10ryo3_bytesNtB5_7PyBytesINtNtCs66KPHxksi63_4core7convert4FromNtNtCsdeDPnamZes_5bytes5bytes5BytesE4from
FNDA:0,_RNvXs5_NtCs6ag8SEitiri_10ryo3_bytes10ryo3_bytesNtB5_7PyBytesINtNtCs66KPHxksi63_4core7convert4FromNtNtCsdeDPnamZes_5bytes9bytes_mut8BytesMutE4from
FNDA:12204,_RNvXs6_NtCs6ag8SEitiri_10ryo3_bytes10ryo3_bytesNtB5_7PyBytesNtNtCsjhPV6BdWoWa_4pyo310conversion12FromPyObject13extract_bound
FNDA:12196,_RNvXs8_NtCs6ag8SEitiri_10ryo3_bytes10ryo3_bytesNtB5_14PyBytesWrapperINtNtCs66KPHxksi63_4core7convert5AsRefShE6as_ref
FNDA:12204,_RNvXs9_NtCs6ag8SEitiri_10ryo3_bytes10ryo3_bytesNtB5_14PyBytesWrapperNtNtCsjhPV6BdWoWa_4pyo310conversion12FromPyObject13extract_bound
FNDA:0,_RNvXs_NtCs6ag8SEitiri_10ryo3_bytes10ryo3_bytesNtB4_7PyBytesINtNtCs66KPHxksi63_4core7convert5AsRefNtNtCsdeDPnamZes_5bytes5bytes5BytesE6as_ref
FNDA:257,_RNvXsa_NtCs6ag8SEitiri_10ryo3_bytes10ryo3_bytesNtB5_7PyBytesNtNtCs66KPHxksi63_4core3fmt5Debug3fmt
FNDA:0,_RNvXs2_NtCs6ag8SEitiri_10ryo3_bytes10ryo3_bytesNtNtCsdeDPnamZes_5bytes5bytes5BytesINtNtCs66KPHxksi63_4core7convert4FromNtB5_7PyBytesE4from
FNDA:0,_RNCNvMs1_NtCs6ag8SEitiri_10ryo3_bytes10ryo3_bytesNtB7_7PyBytes5slice0B9_
FNDA:0,_RNCNvMs1_NtCs6ag8SEitiri_10ryo3_bytes10ryo3_bytesNtB7_7PyBytes5slices_0B9_
FNDA:0,_RNCNvMsB_NtCs6ag8SEitiri_10ryo3_bytes10ryo3_bytesNtB7_7PyBytes20___pymethod___new____0B9_
FNDA:0,_RNCNvMsr_NtCs6ag8SEitiri_10ryo3_bytes10ryo3_bytesNtB7_7PyBytes11___getitem__0B9_
FNDA:0,_RNCNvMsr_NtCs6ag8SEitiri_10ryo3_bytes10ryo3_bytesNtB7_7PyBytes12___contains__0B9_
FNDA:0,_RNCNvMsr_NtCs6ag8SEitiri_10ryo3_bytes10ryo3_bytesNtB7_7PyBytes7___mul__0B9_
FNDA:101,_RNCNvMsr_NtCs6ag8SEitiri_10ryo3_bytes10ryo3_bytesNtB7_7PyBytes7isspace0B9_
FNDA:902,_RNCNvNtCs6ag8SEitiri_10ryo3_bytes10ryo3_bytes15validate_buffer0B5_
FNF:64
FNH:43
DA:44,0
DA:45,0
DA:46,0
DA:50,8121
DA:51,8121
DA:52,8121
DA:57,0
DA:58,0
DA:59,0
DA:62,3
DA:63,3
DA:64,3
DA:67,385
DA:68,385
DA:69,385
DA:80,539
DA:81,539
DA:82,538
DA:83,539
DA:84,538
DA:87,538
DA:88,0
DA:90,538
DA:93,538
DA:94,538
DA:95,0
DA:96,0
DA:98,0
DA:99,0
DA:100,0
DA:101,0
DA:102,0
DA:104,0
DA:105,0
DA:106,0
DA:107,0
DA:108,0
DA:110,0
DA:111,0
DA:113,0
DA:114,0
DA:115,0
DA:116,0
DA:117,0
DA:119,0
DA:122,0
DA:123,0
DA:124,0
DA:125,0
DA:126,0
DA:127,0
DA:129,0
DA:131,539
DA:135,0
DA:136,0
DA:137,0
DA:141,2314
DA:142,2314
DA:143,2314
DA:147,1364
DA:148,1364
DA:149,1364
DA:153,0
DA:154,0
DA:155,0
DA:158,0
DA:163,0
DA:164,3122
DA:165,3122
DA:166,3122
DA:168,2
DA:169,2
DA:170,2
DA:171,2
DA:172,2
DA:173,2
DA:176,672
DA:177,672
DA:178,672
DA:180,257
DA:181,257
DA:182,257
DA:184,0
DA:185,0
DA:186,0
DA:187,0
DA:188,0
DA:189,0
DA:190,0
DA:192,0
DA:193,0
DA:194,0
DA:195,0
DA:196,0
DA:198,2925
DA:199,2925
DA:200,2925
DA:202,539
DA:203,539
DA:204,539
DA:205,539
DA:206,539
DA:207,539
DA:208,0
DA:209,0
DA:210,0
DA:211,0
DA:212,0
DA:213,0
DA:214,0
DA:215,0
DA:216,0
DA:217,0
DA:218,0
DA:220,539
DA:221,539
DA:222,538
DA:225,539
DA:227,0
DA:228,0
DA:229,0
DA:230,0
DA:231,0
DA:233,0
DA:234,0
DA:235,0
DA:240,2469
DA:241,2469
DA:242,2469
DA:243,2469
DA:244,2469
DA:246,2469
DA:247,2469
DA:248,2469
DA:249,2469
DA:250,2469
DA:251,2469
DA:253,2469
DA:255,2469
DA:256,0
DA:257,2469
DA:258,2469
DA:260,2469
DA:268,2469
DA:273,2
DA:274,2
DA:275,2
DA:277,0
DA:279,2
DA:284,2
DA:285,2
DA:286,2
DA:288,0
DA:290,2
DA:296,100
DA:297,100
DA:298,100
DA:303,100
DA:304,100
DA:305,100
DA:309,100
DA:310,100
DA:311,100
DA:316,100
DA:317,100
DA:318,100
DA:322,100
DA:323,100
DA:324,388
DA:325,388
DA:326,49
DA:327,339
DA:328,339
DA:330,51
DA:331,100
DA:336,100
DA:337,100
DA:338,101
DA:339,101
DA:340,101
DA:341,100
DA:345,100
DA:346,100
DA:347,403
DA:348,403
DA:349,47
DA:350,356
DA:351,356
DA:353,53
DA:354,100
DA:358,0
DA:359,0
DA:360,0
DA:364,0
DA:365,0
DA:366,0
DA:369,63
DA:370,63
DA:371,63
DA:374,11
DA:375,11
DA:376,11
DA:380,0
DA:381,0
DA:382,0
DA:400,616
DA:401,616
DA:402,616
DA:403,616
DA:404,616
DA:405,616
DA:406,616
DA:407,616
DA:428,356
DA:429,356
DA:430,356
DA:442,356
DA:443,356
DA:444,356
DA:497,100
DA:498,100
DA:499,100
DA:501,100
DA:502,100
DA:503,100
DA:506,8
DA:507,8
DA:508,8
DA:511,0
DA:512,0
DA:513,0
DA:515,100
DA:516,100
DA:517,100
DA:519,100
DA:520,100
DA:521,100
DA:524,109
DA:525,109
DA:526,109
DA:529,642
DA:530,642
DA:531,30
DA:533,612
DA:535,642
DA:538,0
DA:539,0
DA:540,0
DA:542,0
DA:544,0
DA:547,0
DA:548,0
DA:549,0
DA:551,0
DA:553,0
DA:558,12204
DA:559,12204
DA:560,12196
DA:561,12196
DA:562,12204
DA:574,12193
DA:579,12193
DA:580,12193
DA:581,12193
DA:582,0
DA:583,12193
DA:584,12193
DA:585,12193
DA:586,0
DA:587,12193
DA:592,12196
DA:593,12196
DA:594,12196
DA:596,12196
DA:603,12196
DA:604,12196
DA:607,902
DA:608,902
DA:609,0
DA:610,902
DA:612,902
DA:613,0
DA:614,0
DA:615,0
DA:616,0
DA:617,902
DA:619,902
DA:620,902
DA:623,12204
DA:624,12204
DA:625,11294
DA:626,11294
DA:628,910
DA:629,902
DA:630,902
DA:632,12204
DA:642,257
DA:643,257
DA:644,267
DA:645,267
DA:647,1
DA:648,1
DA:649,3
DA:650,1
DA:651,1
DA:653,231
DA:654,158
DA:657,257
DA:658,257
DA:659,257
BRF:0
BRH:0
LF:317
LH:207
end_of_record
SF:/home/jesse/ry/crates/ryo3-bzip2/src/lib.rs
FN:45,_RNvCs6Swyi7X0Xeu_10ryo3_bzip212bzip2_decode
FN:22,_RNvCs6Swyi7X0Xeu_10ryo3_bzip212bzip2_encode
FN:12,_RNvCs6Swyi7X0Xeu_10ryo3_bzip215rs_bzip2_encode
FN:34,_RNvCs6Swyi7X0Xeu_10ryo3_bzip25bzip2
FN:81,_RNvCs6Swyi7X0Xeu_10ryo3_bzip29pymod_add
FN:57,_RNvXCs6Swyi7X0Xeu_10ryo3_bzip2NtB2_13PyCompressionNtNtCsjhPV6BdWoWa_4pyo310conversion12FromPyObject13extract_bound
FNDA:6,_RNvCs6Swyi7X0Xeu_10ryo3_bzip212bzip2_decode
FNDA:5,_RNvCs6Swyi7X0Xeu_10ryo3_bzip212bzip2_encode
FNDA:5,_RNvCs6Swyi7X0Xeu_10ryo3_bzip215rs_bzip2_encode
FNDA:0,_RNvCs6Swyi7X0Xeu_10ryo3_bzip25bzip2
FNDA:8,_RNvCs6Swyi7X0Xeu_10ryo3_bzip29pymod_add
FNDA:2,_RNvXCs6Swyi7X0Xeu_10ryo3_bzip2NtB2_13PyCompressionNtNtCsjhPV6BdWoWa_4pyo310conversion12FromPyObject13extract_bound
FNF:6
FNH:5
DA:12,5
DA:13,5
DA:14,5
DA:15,5
DA:16,5
DA:17,5
DA:22,5
DA:23,5
DA:24,5
DA:25,5
DA:26,5
DA:27,5
DA:28,5
DA:29,5
DA:34,0
DA:35,0
DA:36,0
DA:37,0
DA:38,0
DA:39,0
DA:40,0
DA:41,0
DA:45,6
DA:46,6
DA:47,6
DA:48,6
DA:50,6
DA:51,6
DA:57,2
DA:58,2
DA:59,2
DA:60,2
DA:61,2
DA:62,0
DA:63,0
DA:64,0
DA:65,0
DA:66,0
DA:67,0
DA:68,0
DA:69,0
DA:71,0
DA:72,0
DA:73,0
DA:74,0
DA:75,0
DA:76,0
DA:77,0
DA:78,2
DA:81,8
DA:82,8
DA:83,8
DA:84,8
DA:85,8
DA:86,8
BRF:0
BRH:0
LF:55
LH:32
end_of_record
SF:/home/jesse/ry/crates/ryo3-core/src/lib.rs
FN:12,_RNvCs2rqQyGAU8eF_9ryo3_core11py_bool2strCs5G4Au3t2kpO_8ryo3_std
FNDA:0,_RNvCs2rqQyGAU8eF_9ryo3_core11py_bool2strCs5G4Au3t2kpO_8ryo3_std
FNF:1
FNH:0
DA:12,0
DA:13,0
DA:14,0
DA:16,0
DA:18,0
BRF:0
BRH:0
LF:5
LH:0
end_of_record
SF:/home/jesse/ry/crates/ryo3-core/src/pymutex.rs
FN:14,_RNvXNtCs2rqQyGAU8eF_9ryo3_core7pymutexINtNtNtNtCsiKSG5X70Gj7_3std4sync6poison5mutex5MutexNtNtCslMiNONFeTze_11xxhash_rust4xxh34Xxh3EINtB2_6PyLockB1p_E7py_lockCsfW6IUNVNipD_11ryo3_xxhash
FN:14,_RNvXNtCs2rqQyGAU8eF_9ryo3_core7pymutexINtNtNtNtCsiKSG5X70Gj7_3std4sync6poison5mutex5MutexNtNtCslMiNONFeTze_11xxhash_rust5xxh325Xxh32EINtB2_6PyLockB1p_E7py_lockCsfW6IUNVNipD_11ryo3_xxhash
FN:14,_RNvXNtCs2rqQyGAU8eF_9ryo3_core7pymutexINtNtNtNtCsiKSG5X70Gj7_3std4sync6poison5mutex5MutexNtNtCslMiNONFeTze_11xxhash_rust5xxh645Xxh64EINtB2_6PyLockB1p_E7py_lockCsfW6IUNVNipD_11ryo3_xxhash
FN:5,_RINvNtCs2rqQyGAU8eF_9ryo3_core7pymutex16map_poison_errorNtNtCslMiNONFeTze_11xxhash_rust4xxh34Xxh3ECsfW6IUNVNipD_11ryo3_xxhash
FN:5,_RINvNtCs2rqQyGAU8eF_9ryo3_core7pymutex16map_poison_errorNtNtCslMiNONFeTze_11xxhash_rust5xxh325Xxh32ECsfW6IUNVNipD_11ryo3_xxhash
FN:5,_RINvNtCs2rqQyGAU8eF_9ryo3_core7pymutex16map_poison_errorNtNtCslMiNONFeTze_11xxhash_rust5xxh645Xxh64ECsfW6IUNVNipD_11ryo3_xxhash
FN:15,_RNCNvXNtCs2rqQyGAU8eF_9ryo3_core7pymutexINtNtNtNtCsiKSG5X70Gj7_3std4sync6poison5mutex5MutexNtNtCslMiNONFeTze_11xxhash_rust4xxh34Xxh3EINtB4_6PyLockB1r_E7py_lock0CsfW6IUNVNipD_11ryo3_xxhash
FN:15,_RNCNvXNtCs2rqQyGAU8eF_9ryo3_core7pymutexINtNtNtNtCsiKSG5X70Gj7_3std4sync6poison5mutex5MutexNtNtCslMiNONFeTze_11xxhash_rust5xxh325Xxh32EINtB4_6PyLockB1r_E7py_lock0CsfW6IUNVNipD_11ryo3_xxhash
FN:15,_RNCNvXNtCs2rqQyGAU8eF_9ryo3_core7pymutexINtNtNtNtCsiKSG5X70Gj7_3std4sync6poison5mutex5MutexNtNtCslMiNONFeTze_11xxhash_rust5xxh645Xxh64EINtB4_6PyLockB1r_E7py_lock0CsfW6IUNVNipD_11ryo3_xxhash
FNDA:0,_RNvXNtCs2rqQyGAU8eF_9ryo3_core7pymutexINtNtNtNtCsiKSG5X70Gj7_3std4sync6poison5mutex5MutexNtNtCslMiNONFeTze_11xxhash_rust4xxh34Xxh3EINtB2_6PyLockB1p_E7py_lockCsfW6IUNVNipD_11ryo3_xxhash
FNDA:1122,_RNvXNtCs2rqQyGAU8eF_9ryo3_core7pymutexINtNtNtNtCsiKSG5X70Gj7_3std4sync6poison5mutex5MutexNtNtCslMiNONFeTze_11xxhash_rust5xxh325Xxh32EINtB2_6PyLockB1p_E7py_lockCsfW6IUNVNipD_11ryo3_xxhash
FNDA:0,_RNvXNtCs2rqQyGAU8eF_9ryo3_core7pymutexINtNtNtNtCsiKSG5X70Gj7_3std4sync6poison5mutex5MutexNtNtCslMiNONFeTze_11xxhash_rust5xxh645Xxh64EINtB2_6PyLockB1p_E7py_lockCsfW6IUNVNipD_11ryo3_xxhash
FNDA:0,_RINvNtCs2rqQyGAU8eF_9ryo3_core7pymutex16map_poison_errorNtNtCslMiNONFeTze_11xxhash_rust4xxh34Xxh3ECsfW6IUNVNipD_11ryo3_xxhash
FNDA:0,_RINvNtCs2rqQyGAU8eF_9ryo3_core7pymutex16map_poison_errorNtNtCslMiNONFeTze_11xxhash_rust5xxh325Xxh32ECsfW6IUNVNipD_11ryo3_xxhash
FNDA:0,_RINvNtCs2rqQyGAU8eF_9ryo3_core7pymutex16map_poison_errorNtNtCslMiNONFeTze_11xxhash_rust5xxh645Xxh64ECsfW6IUNVNipD_11ryo3_xxhash
FNDA:0,_RNCNvXNtCs2rqQyGAU8eF_9ryo3_core7pymutexINtNtNtNtCsiKSG5X70Gj7_3std4sync6poison5mutex5MutexNtNtCslMiNONFeTze_11xxhash_rust4xxh34Xxh3EINtB4_6PyLockB1r_E7py_lock0CsfW6IUNVNipD_11ryo3_xxhash
FNDA:0,_RNCNvXNtCs2rqQyGAU8eF_9ryo3_core7pymutexINtNtNtNtCsiKSG5X70Gj7_3std4sync6poison5mutex5MutexNtNtCslMiNONFeTze_11xxhash_rust5xxh325Xxh32EINtB4_6PyLockB1r_E7py_lock0CsfW6IUNVNipD_11ryo3_xxhash
FNDA:0,_RNCNvXNtCs2rqQyGAU8eF_9ryo3_core7pymutexINtNtNtNtCsiKSG5X70Gj7_3std4sync6poison5mutex5MutexNtNtCslMiNONFeTze_11xxhash_rust5xxh645Xxh64EINtB4_6PyLockB1r_E7py_lock0CsfW6IUNVNipD_11ryo3_xxhash
FNF:3
FNH:1
DA:5,0
DA:6,0
DA:7,0
DA:14,1122
DA:15,1122
DA:16,1122
BRF:0
BRH:0
LF:7
LH:3
end_of_record
SF:/home/jesse/ry/crates/ryo3-core/src/types/pathlike.rs
FN:29,_RNvXs0_NtNtCs2rqQyGAU8eF_9ryo3_core5types8pathlikeNtB5_8PathLikeINtNtCs66KPHxksi63_4core7convert4FromRNtNtCsiKSG5X70Gj7_3std4path4PathE4from
FN:35,_RNvXs1_NtNtCs2rqQyGAU8eF_9ryo3_core5types8pathlikeNtB5_8PathLikeNtNtCs66KPHxksi63_4core3fmt7Display3fmt
FN:20,_RNvXs_NtNtCs2rqQyGAU8eF_9ryo3_core5types8pathlikeNtB4_8PathLikeINtNtCs66KPHxksi63_4core7convert5AsRefNtNtCsiKSG5X70Gj7_3std4path4PathE6as_ref
FN:11,_RNvXNtNtCs2rqQyGAU8eF_9ryo3_core5types8pathlikeNtNtCs8Ty2CzGA6U3_5alloc6string6StringINtNtCs66KPHxksi63_4core7convert4FromNtB2_8PathLikeE4from
FNDA:0,_RNvXs0_NtNtCs2rqQyGAU8eF_9ryo3_core5types8pathlikeNtB5_8PathLikeINtNtCs66KPHxksi63_4core7convert4FromRNtNtCsiKSG5X70Gj7_3std4path4PathE4from
FNDA:2,_RNvXs1_NtNtCs2rqQyGAU8eF_9ryo3_core5types8pathlikeNtB5_8PathLikeNtNtCs66KPHxksi63_4core3fmt7Display3fmt
FNDA:222,_RNvXs_NtNtCs2rqQyGAU8eF_9ryo3_core5types8pathlikeNtB4_8PathLikeINtNtCs66KPHxksi63_4core7convert5AsRefNtNtCsiKSG5X70Gj7_3std4path4PathE6as_ref
FNDA:0,_RNvXNtNtCs2rqQyGAU8eF_9ryo3_core5types8pathlikeNtNtCs8Ty2CzGA6U3_5alloc6string6StringINtNtCs66KPHxksi63_4core7convert4FromNtB2_8PathLikeE4from
FNF:4
FNH:2
DA:11,0
DA:12,0
DA:13,0
DA:14,0
DA:16,0
DA:20,222
DA:21,222
DA:22,221
DA:23,1
DA:25,222
DA:29,0
DA:30,0
DA:31,0
DA:35,2
DA:36,2
DA:37,2
DA:38,0
DA:40,2
BRF:0
BRH:0
LF:18
LH:9
end_of_record
SF:/home/jesse/ry/crates/ryo3-core/src/types/string_or_strings.rs
FN:10,_RNvXNtNtCs2rqQyGAU8eF_9ryo3_core5types17string_or_stringsINtNtCs8Ty2CzGA6U3_5alloc3vec3VecNtNtBY_6string6StringEINtNtCs66KPHxksi63_4core7convert4FromNtB2_15StringOrStringsE4from
FNDA:10,_RNvXNtNtCs2rqQyGAU8eF_9ryo3_core5types17string_or_stringsINtNtCs8Ty2CzGA6U3_5alloc3vec3VecNtNtBY_6string6StringEINtNtCs66KPHxksi63_4core7convert4FromNtB2_15StringOrStringsE4from
FNF:1
FNH:1
DA:10,10
DA:11,10
DA:12,0
DA:13,10
DA:15,10
BRF:0
BRH:0
LF:5
LH:4
end_of_record
SF:/home/jesse/ry/crates/ryo3-dirs/src/lib.rs
FN:58,_RNCNvCsgE2VOkEyVsA_9ryo3_dirs10config_dir0B3_
FN:50,_RNCNvCsgE2VOkEyVsA_9ryo3_dirs10data_local0B3_
FN:50,_RNCNvCsgE2VOkEyVsA_9ryo3_dirs10executable0B3_
FN:50,_RNCNvCsgE2VOkEyVsA_9ryo3_dirs10preference0B3_
FN:58,_RNCNvCsgE2VOkEyVsA_9ryo3_dirs10public_dir0B3_
FN:58,_RNCNvCsgE2VOkEyVsA_9ryo3_dirs11desktop_dir0B3_
FN:58,_RNCNvCsgE2VOkEyVsA_9ryo3_dirs11picture_dir0B3_
FN:58,_RNCNvCsgE2VOkEyVsA_9ryo3_dirs11runtime_dir0B3_
FN:50,_RNCNvCsgE2VOkEyVsA_9ryo3_dirs12config_local0B3_
FN:58,_RNCNvCsgE2VOkEyVsA_9ryo3_dirs12document_dir0B3_
FN:58,_RNCNvCsgE2VOkEyVsA_9ryo3_dirs12download_dir0B3_
FN:58,_RNCNvCsgE2VOkEyVsA_9ryo3_dirs12template_dir0B3_
FN:58,_RNCNvCsgE2VOkEyVsA_9ryo3_dirs14data_local_dir0B3_
FN:58,_RNCNvCsgE2VOkEyVsA_9ryo3_dirs14executable_dir0B3_
FN:58,_RNCNvCsgE2VOkEyVsA_9ryo3_dirs14preference_dir0B3_
FN:58,_RNCNvCsgE2VOkEyVsA_9ryo3_dirs16config_local_dir0B3_
FN:50,_RNCNvCsgE2VOkEyVsA_9ryo3_dirs4data0B3_
FN:50,_RNCNvCsgE2VOkEyVsA_9ryo3_dirs4font0B3_
FN:33,_RNCNvCsgE2VOkEyVsA_9ryo3_dirs4home0B3_
FN:50,_RNCNvCsgE2VOkEyVsA_9ryo3_dirs5audio0B3_
FN:33,_RNCNvCsgE2VOkEyVsA_9ryo3_dirs5cache0B3_
FN:50,_RNCNvCsgE2VOkEyVsA_9ryo3_dirs5state0B3_
FN:50,_RNCNvCsgE2VOkEyVsA_9ryo3_dirs5video0B3_
FN:50,_RNCNvCsgE2VOkEyVsA_9ryo3_dirs6config0B3_
FN:50,_RNCNvCsgE2VOkEyVsA_9ryo3_dirs6public0B3_
FN:50,_RNCNvCsgE2VOkEyVsA_9ryo3_dirs7desktop0B3_
FN:50,_RNCNvCsgE2VOkEyVsA_9ryo3_dirs7picture0B3_
FN:50,_RNCNvCsgE2VOkEyVsA_9ryo3_dirs7runtime0B3_
FN:58,_RNCNvCsgE2VOkEyVsA_9ryo3_dirs8data_dir0B3_
FN:50,_RNCNvCsgE2VOkEyVsA_9ryo3_dirs8document0B3_
FN:50,_RNCNvCsgE2VOkEyVsA_9ryo3_dirs8download0B3_
FN:58,_RNCNvCsgE2VOkEyVsA_9ryo3_dirs8font_dir0B3_
FN:41,_RNCNvCsgE2VOkEyVsA_9ryo3_dirs8home_dir0B3_
FN:50,_RNCNvCsgE2VOkEyVsA_9ryo3_dirs8template0B3_
FN:58,_RNCNvCsgE2VOkEyVsA_9ryo3_dirs9audio_dir0B3_
FN:41,_RNCNvCsgE2VOkEyVsA_9ryo3_dirs9cache_dir0B3_
FN:58,_RNCNvCsgE2VOkEyVsA_9ryo3_dirs9state_dir0B3_
FN:58,_RNCNvCsgE2VOkEyVsA_9ryo3_dirs9video_dir0B3_
FN:57,_RNvCsgE2VOkEyVsA_9ryo3_dirs10config_dir
FN:49,_RNvCsgE2VOkEyVsA_9ryo3_dirs10data_local
FN:49,_RNvCsgE2VOkEyVsA_9ryo3_dirs10executable
FN:49,_RNvCsgE2VOkEyVsA_9ryo3_dirs10preference
FN:57,_RNvCsgE2VOkEyVsA_9ryo3_dirs10public_dir
FN:57,_RNvCsgE2VOkEyVsA_9ryo3_dirs11desktop_dir
FN:57,_RNvCsgE2VOkEyVsA_9ryo3_dirs11picture_dir
FN:57,_RNvCsgE2VOkEyVsA_9ryo3_dirs11runtime_dir
FN:49,_RNvCsgE2VOkEyVsA_9ryo3_dirs12config_local
FN:57,_RNvCsgE2VOkEyVsA_9ryo3_dirs12document_dir
FN:57,_RNvCsgE2VOkEyVsA_9ryo3_dirs12download_dir
FN:57,_RNvCsgE2VOkEyVsA_9ryo3_dirs12template_dir
FN:57,_RNvCsgE2VOkEyVsA_9ryo3_dirs14data_local_dir
FN:57,_RNvCsgE2VOkEyVsA_9ryo3_dirs14executable_dir
FN:57,_RNvCsgE2VOkEyVsA_9ryo3_dirs14preference_dir
FN:57,_RNvCsgE2VOkEyVsA_9ryo3_dirs16config_local_dir
FN:104,_RNvCsgE2VOkEyVsA_9ryo3_dirs21pymod_register_suffix
FN:127,_RNvCsgE2VOkEyVsA_9ryo3_dirs24pymod_register_no_suffix
FN:49,_RNvCsgE2VOkEyVsA_9ryo3_dirs4data
FN:49,_RNvCsgE2VOkEyVsA_9ryo3_dirs4font
FN:32,_RNvCsgE2VOkEyVsA_9ryo3_dirs4home
FN:49,_RNvCsgE2VOkEyVsA_9ryo3_dirs5audio
FN:32,_RNvCsgE2VOkEyVsA_9ryo3_dirs5cache
FN:49,_RNvCsgE2VOkEyVsA_9ryo3_dirs5state
FN:49,_RNvCsgE2VOkEyVsA_9ryo3_dirs5video
FN:49,_RNvCsgE2VOkEyVsA_9ryo3_dirs6config
FN:49,_RNvCsgE2VOkEyVsA_9ryo3_dirs6public
FN:49,_RNvCsgE2VOkEyVsA_9ryo3_dirs7desktop
FN:49,_RNvCsgE2VOkEyVsA_9ryo3_dirs7picture
FN:49,_RNvCsgE2VOkEyVsA_9ryo3_dirs7runtime
FN:57,_RNvCsgE2VOkEyVsA_9ryo3_dirs8data_dir
FN:49,_RNvCsgE2VOkEyVsA_9ryo3_dirs8document
FN:49,_RNvCsgE2VOkEyVsA_9ryo3_dirs8download
FN:57,_RNvCsgE2VOkEyVsA_9ryo3_dirs8font_dir
FN:40,_RNvCsgE2VOkEyVsA_9ryo3_dirs8home_dir
FN:49,_RNvCsgE2VOkEyVsA_9ryo3_dirs8template
FN:57,_RNvCsgE2VOkEyVsA_9ryo3_dirs9audio_dir
FN:40,_RNvCsgE2VOkEyVsA_9ryo3_dirs9cache_dir
FN:149,_RNvCsgE2VOkEyVsA_9ryo3_dirs9pymod_add
FN:57,_RNvCsgE2VOkEyVsA_9ryo3_dirs9state_dir
FN:57,_RNvCsgE2VOkEyVsA_9ryo3_dirs9video_dir
FNDA:1,_RNCNvCsgE2VOkEyVsA_9ryo3_dirs10config_dir0B3_
FNDA:1,_RNCNvCsgE2VOkEyVsA_9ryo3_dirs10data_local0B3_
FNDA:1,_RNCNvCsgE2VOkEyVsA_9ryo3_dirs10executable0B3_
FNDA:1,_RNCNvCsgE2VOkEyVsA_9ryo3_dirs10preference0B3_
FNDA:0,_RNCNvCsgE2VOkEyVsA_9ryo3_dirs10public_dir0B3_
FNDA:0,_RNCNvCsgE2VOkEyVsA_9ryo3_dirs11desktop_dir0B3_
FNDA:0,_RNCNvCsgE2VOkEyVsA_9ryo3_dirs11picture_dir0B3_
FNDA:1,_RNCNvCsgE2VOkEyVsA_9ryo3_dirs11runtime_dir0B3_
FNDA:1,_RNCNvCsgE2VOkEyVsA_9ryo3_dirs12config_local0B3_
FNDA:0,_RNCNvCsgE2VOkEyVsA_9ryo3_dirs12document_dir0B3_
FNDA:0,_RNCNvCsgE2VOkEyVsA_9ryo3_dirs12download_dir0B3_
FNDA:0,_RNCNvCsgE2VOkEyVsA_9ryo3_dirs12template_dir0B3_
FNDA:1,_RNCNvCsgE2VOkEyVsA_9ryo3_dirs14data_local_dir0B3_
FNDA:1,_RNCNvCsgE2VOkEyVsA_9ryo3_dirs14executable_dir0B3_
FNDA:1,_RNCNvCsgE2VOkEyVsA_9ryo3_dirs14preference_dir0B3_
FNDA:1,_RNCNvCsgE2VOkEyVsA_9ryo3_dirs16config_local_dir0B3_
FNDA:1,_RNCNvCsgE2VOkEyVsA_9ryo3_dirs4data0B3_
FNDA:1,_RNCNvCsgE2VOkEyVsA_9ryo3_dirs4font0B3_
FNDA:1,_RNCNvCsgE2VOkEyVsA_9ryo3_dirs4home0B3_
FNDA:0,_RNCNvCsgE2VOkEyVsA_9ryo3_dirs5audio0B3_
FNDA:1,_RNCNvCsgE2VOkEyVsA_9ryo3_dirs5cache0B3_
FNDA:1,_RNCNvCsgE2VOkEyVsA_9ryo3_dirs5state0B3_
FNDA:0,_RNCNvCsgE2VOkEyVsA_9ryo3_dirs5video0B3_
FNDA:1,_RNCNvCsgE2VOkEyVsA_9ryo3_dirs6config0B3_
FNDA:0,_RNCNvCsgE2VOkEyVsA_9ryo3_dirs6public0B3_
FNDA:0,_RNCNvCsgE2VOkEyVsA_9ryo3_dirs7desktop0B3_
FNDA:0,_RNCNvCsgE2VOkEyVsA_9ryo3_dirs7picture0B3_
FNDA:1,_RNCNvCsgE2VOkEyVsA_9ryo3_dirs7runtime0B3_
FNDA:1,_RNCNvCsgE2VOkEyVsA_9ryo3_dirs8data_dir0B3_
FNDA:0,_RNCNvCsgE2VOkEyVsA_9ryo3_dirs8document0B3_
FNDA:0,_RNCNvCsgE2VOkEyVsA_9ryo3_dirs8download0B3_
FNDA:1,_RNCNvCsgE2VOkEyVsA_9ryo3_dirs8font_dir0B3_
FNDA:1,_RNCNvCsgE2VOkEyVsA_9ryo3_dirs8home_dir0B3_
FNDA:0,_RNCNvCsgE2VOkEyVsA_9ryo3_dirs8template0B3_
FNDA:0,_RNCNvCsgE2VOkEyVsA_9ryo3_dirs9audio_dir0B3_
FNDA:1,_RNCNvCsgE2VOkEyVsA_9ryo3_dirs9cache_dir0B3_
FNDA:1,_RNCNvCsgE2VOkEyVsA_9ryo3_dirs9state_dir0B3_
FNDA:0,_RNCNvCsgE2VOkEyVsA_9ryo3_dirs9video_dir0B3_
FNDA:1,_RNvCsgE2VOkEyVsA_9ryo3_dirs10config_dir
FNDA:1,_RNvCsgE2VOkEyVsA_9ryo3_dirs10data_local
FNDA:1,_RNvCsgE2VOkEyVsA_9ryo3_dirs10executable
FNDA:1,_RNvCsgE2VOkEyVsA_9ryo3_dirs10preference
FNDA:1,_RNvCsgE2VOkEyVsA_9ryo3_dirs10public_dir
FNDA:1,_RNvCsgE2VOkEyVsA_9ryo3_dirs11desktop_dir
FNDA:1,_RNvCsgE2VOkEyVsA_9ryo3_dirs11picture_dir
FNDA:1,_RNvCsgE2VOkEyVsA_9ryo3_dirs11runtime_dir
FNDA:1,_RNvCsgE2VOkEyVsA_9ryo3_dirs12config_local
FNDA:1,_RNvCsgE2VOkEyVsA_9ryo3_dirs12document_dir
FNDA:1,_RNvCsgE2VOkEyVsA_9ryo3_dirs12download_dir
FNDA:1,_RNvCsgE2VOkEyVsA_9ryo3_dirs12template_dir
FNDA:1,_RNvCsgE2VOkEyVsA_9ryo3_dirs14data_local_dir
FNDA:1,_RNvCsgE2VOkEyVsA_9ryo3_dirs14executable_dir
FNDA:1,_RNvCsgE2VOkEyVsA_9ryo3_dirs14preference_dir
FNDA:1,_RNvCsgE2VOkEyVsA_9ryo3_dirs16config_local_dir
FNDA:8,_RNvCsgE2VOkEyVsA_9ryo3_dirs21pymod_register_suffix
FNDA:8,_RNvCsgE2VOkEyVsA_9ryo3_dirs24pymod_register_no_suffix
FNDA:1,_RNvCsgE2VOkEyVsA_9ryo3_dirs4data
FNDA:1,_RNvCsgE2VOkEyVsA_9ryo3_dirs4font
FNDA:1,_RNvCsgE2VOkEyVsA_9ryo3_dirs4home
FNDA:1,_RNvCsgE2VOkEyVsA_9ryo3_dirs5audio
FNDA:1,_RNvCsgE2VOkEyVsA_9ryo3_dirs5cache
FNDA:1,_RNvCsgE2VOkEyVsA_9ryo3_dirs5state
FNDA:1,_RNvCsgE2VOkEyVsA_9ryo3_dirs5video
FNDA:1,_RNvCsgE2VOkEyVsA_9ryo3_dirs6config
FNDA:1,_RNvCsgE2VOkEyVsA_9ryo3_dirs6public
FNDA:1,_RNvCsgE2VOkEyVsA_9ryo3_dirs7desktop
FNDA:1,_RNvCsgE2VOkEyVsA_9ryo3_dirs7picture
FNDA:1,_RNvCsgE2VOkEyVsA_9ryo3_dirs7runtime
FNDA:1,_RNvCsgE2VOkEyVsA_9ryo3_dirs8data_dir
FNDA:1,_RNvCsgE2VOkEyVsA_9ryo3_dirs8document
FNDA:1,_RNvCsgE2VOkEyVsA_9ryo3_dirs8download
FNDA:1,_RNvCsgE2VOkEyVsA_9ryo3_dirs8font_dir
FNDA:1,_RNvCsgE2VOkEyVsA_9ryo3_dirs8home_dir
FNDA:1,_RNvCsgE2VOkEyVsA_9ryo3_dirs8template
FNDA:1,_RNvCsgE2VOkEyVsA_9ryo3_dirs9audio_dir
FNDA:1,_RNvCsgE2VOkEyVsA_9ryo3_dirs9cache_dir
FNDA:8,_RNvCsgE2VOkEyVsA_9ryo3_dirs9pymod_add
FNDA:1,_RNvCsgE2VOkEyVsA_9ryo3_dirs9state_dir
FNDA:1,_RNvCsgE2VOkEyVsA_9ryo3_dirs9video_dir
FNF:11
FNH:11
DA:32,2
DA:33,2
DA:34,2
DA:35,2
DA:36,2
DA:40,2
DA:41,2
DA:42,2
DA:43,2
DA:44,2
DA:49,17
DA:50,17
DA:51,9
DA:52,9
DA:53,17
DA:57,17
DA:58,17
DA:59,9
DA:60,9
DA:61,17
DA:104,8
DA:105,8
DA:106,8
DA:107,8
DA:108,8
DA:109,8
DA:110,8
DA:111,8
DA:112,8
DA:113,8
DA:114,8
DA:115,8
DA:116,8
DA:117,8
DA:118,8
DA:119,8
DA:120,8
DA:121,8
DA:122,8
DA:123,8
DA:124,8
DA:125,8
DA:127,8
DA:128,8
DA:129,8
DA:130,8
DA:131,8
DA:132,8
DA:133,8
DA:134,8
DA:135,8
DA:136,8
DA:137,8
DA:138,8
DA:139,8
DA:140,8
DA:141,8
DA:142,8
DA:143,8
DA:144,8
DA:145,8
DA:146,8
DA:147,8
DA:148,8
DA:149,8
DA:150,8
DA:151,8
DA:152,8
DA:153,8
BRF:0
BRH:0
LF:73
LH:73
end_of_record
SF:/home/jesse/ry/crates/ryo3-flate2/src/compression.rs
FN:9,_RNvXNtCsjuvxuIOjyBG_11ryo3_flate211compressionNtB2_13PyCompressionNtNtCsjhPV6BdWoWa_4pyo310conversion12FromPyObject13extract_bound
FNDA:15,_RNvXNtCsjuvxuIOjyBG_11ryo3_flate211compressionNtB2_13PyCompressionNtNtCsjhPV6BdWoWa_4pyo310conversion12FromPyObject13extract_bound
FNF:1
FNH:1
DA:9,15
DA:10,15
DA:11,13
DA:12,13
DA:13,12
DA:14,1
DA:15,2
DA:16,2
DA:17,2
DA:18,2
DA:19,1
DA:20,0
DA:22,2
DA:23,2
DA:24,0
DA:25,0
DA:26,1
DA:27,1
DA:28,1
DA:29,15
BRF:0
BRH:0
LF:20
LH:17
end_of_record
SF:/home/jesse/ry/crates/ryo3-flate2/src/gz.rs
FN:62,_RNvNtCsjuvxuIOjyBG_11ryo3_flate22gz10is_gzipped
FN:36,_RNvNtCsjuvxuIOjyBG_11ryo3_flate22gz11gzip_decode
FN:25,_RNvNtCsjuvxuIOjyBG_11ryo3_flate22gz11gzip_encode
FN:16,_RNvNtCsjuvxuIOjyBG_11ryo3_flate22gz14rs_gzip_decode
FN:9,_RNvNtCsjuvxuIOjyBG_11ryo3_flate22gz14rs_gzip_encode
FN:45,_RNvNtCsjuvxuIOjyBG_11ryo3_flate22gz4gzip
FN:56,_RNvNtCsjuvxuIOjyBG_11ryo3_flate22gz6gunzip
FNDA:0,_RNvNtCsjuvxuIOjyBG_11ryo3_flate22gz10is_gzipped
FNDA:18,_RNvNtCsjuvxuIOjyBG_11ryo3_flate22gz11gzip_decode
FNDA:17,_RNvNtCsjuvxuIOjyBG_11ryo3_flate22gz11gzip_encode
FNDA:18,_RNvNtCsjuvxuIOjyBG_11ryo3_flate22gz14rs_gzip_decode
FNDA:17,_RNvNtCsjuvxuIOjyBG_11ryo3_flate22gz14rs_gzip_encode
FNDA:0,_RNvNtCsjuvxuIOjyBG_11ryo3_flate22gz4gzip
FNDA:0,_RNvNtCsjuvxuIOjyBG_11ryo3_flate22gz6gunzip
FNF:7
FNH:4
DA:9,17
DA:10,17
DA:11,17
DA:12,17
DA:13,17
DA:14,17
DA:16,18
DA:17,18
DA:18,18
DA:19,18
DA:20,18
DA:25,17
DA:26,17
DA:27,17
DA:28,17
DA:29,17
DA:30,17
DA:31,17
DA:32,17
DA:36,18
DA:37,18
DA:38,18
DA:39,18
DA:45,0
DA:46,0
DA:47,0
DA:48,0
DA:49,0
DA:50,0
DA:51,0
DA:52,0
DA:56,0
DA:57,0
DA:58,0
DA:62,0
DA:63,0
DA:64,0
DA:65,0
BRF:0
BRH:0
LF:38
LH:23
end_of_record
SF:/home/jesse/ry/crates/ryo3-flate2/src/lib.rs
FN:8,_RNvCsjuvxuIOjyBG_11ryo3_flate29pymod_add
FNDA:8,_RNvCsjuvxuIOjyBG_11ryo3_flate29pymod_add
FNF:1
FNH:1
DA:8,8
DA:9,8
DA:10,8
DA:11,8
DA:12,8
DA:13,8
DA:14,8
DA:15,8
BRF:0
BRH:0
LF:8
LH:8
end_of_record
SF:/home/jesse/ry/crates/ryo3-fnv/src/lib.rs
FN:116,_RNvCs6DQHkTO1FLp_8ryo3_fnv5fnv1a
FN:120,_RNvCs6DQHkTO1FLp_8ryo3_fnv9pymod_add
FN:16,_RNvMCs6DQHkTO1FLp_8ryo3_fnvNtB2_11PyFnvHasher6finish
FN:54,_RNvMs9_Cs6DQHkTO1FLp_8ryo3_fnvNtB5_11PyFnvHasher10block_size
FN:49,_RNvMs9_Cs6DQHkTO1FLp_8ryo3_fnvNtB5_11PyFnvHasher11digest_size
FN:60,_RNvMs9_Cs6DQHkTO1FLp_8ryo3_fnvNtB5_11PyFnvHasher14___getnewargs__
FN:109,_RNvMs9_Cs6DQHkTO1FLp_8ryo3_fnvNtB5_11PyFnvHasher4copy
FN:79,_RNvMs9_Cs6DQHkTO1FLp_8ryo3_fnvNtB5_11PyFnvHasher4name
FN:87,_RNvMs9_Cs6DQHkTO1FLp_8ryo3_fnvNtB5_11PyFnvHasher6digest
FN:31,_RNvMs9_Cs6DQHkTO1FLp_8ryo3_fnvNtB5_11PyFnvHasher6py_new
FN:98,_RNvMs9_Cs6DQHkTO1FLp_8ryo3_fnvNtB5_11PyFnvHasher6update
FN:70,_RNvMs9_Cs6DQHkTO1FLp_8ryo3_fnvNtB5_11PyFnvHasher7___str__
FN:74,_RNvMs9_Cs6DQHkTO1FLp_8ryo3_fnvNtB5_11PyFnvHasher8___repr__
FN:92,_RNvMs9_Cs6DQHkTO1FLp_8ryo3_fnvNtB5_11PyFnvHasher9hexdigest
FN:83,_RNvMs9_Cs6DQHkTO1FLp_8ryo3_fnvNtB5_11PyFnvHasher9intdigest
FN:27,_RNvMsb_Cs6DQHkTO1FLp_8ryo3_fnvNtB5_11PyFnvHasher17___pymethod_copy__
FN:27,_RNvMsb_Cs6DQHkTO1FLp_8ryo3_fnvNtB5_11PyFnvHasher19___pymethod_digest__
FN:27,_RNvMsb_Cs6DQHkTO1FLp_8ryo3_fnvNtB5_11PyFnvHasher20___pymethod___str____
FN:27,_RNvMsb_Cs6DQHkTO1FLp_8ryo3_fnvNtB5_11PyFnvHasher21___pymethod___repr____
FN:27,_RNvMsb_Cs6DQHkTO1FLp_8ryo3_fnvNtB5_11PyFnvHasher22___pymethod_hexdigest__
FN:27,_RNvMsb_Cs6DQHkTO1FLp_8ryo3_fnvNtB5_11PyFnvHasher22___pymethod_intdigest__
FN:27,_RNvMsb_Cs6DQHkTO1FLp_8ryo3_fnvNtB5_11PyFnvHasher27___pymethod___getnewargs____
FN:22,_RNvXs_Cs6DQHkTO1FLp_8ryo3_fnvNtB4_11PyFnvHasherINtNtCs66KPHxksi63_4core7convert4FromNtCs1utYeZj489c_3fnv9FnvHasherE4from
FNDA:247,_RNvCs6DQHkTO1FLp_8ryo3_fnv5fnv1a
FNDA:8,_RNvCs6DQHkTO1FLp_8ryo3_fnv9pymod_add
FNDA:614,_RNvMCs6DQHkTO1FLp_8ryo3_fnvNtB2_11PyFnvHasher6finish
FNDA:8,_RNvMs9_Cs6DQHkTO1FLp_8ryo3_fnvNtB5_11PyFnvHasher10block_size
FNDA:8,_RNvMs9_Cs6DQHkTO1FLp_8ryo3_fnvNtB5_11PyFnvHasher11digest_size
FNDA:0,_RNvMs9_Cs6DQHkTO1FLp_8ryo3_fnvNtB5_11PyFnvHasher14___getnewargs__
FNDA:1,_RNvMs9_Cs6DQHkTO1FLp_8ryo3_fnvNtB5_11PyFnvHasher4copy
FNDA:8,_RNvMs9_Cs6DQHkTO1FLp_8ryo3_fnvNtB5_11PyFnvHasher4name
FNDA:2,_RNvMs9_Cs6DQHkTO1FLp_8ryo3_fnvNtB5_11PyFnvHasher6digest
FNDA:491,_RNvMs9_Cs6DQHkTO1FLp_8ryo3_fnvNtB5_11PyFnvHasher6py_new
FNDA:124,_RNvMs9_Cs6DQHkTO1FLp_8ryo3_fnvNtB5_11PyFnvHasher6update
FNDA:0,_RNvMs9_Cs6DQHkTO1FLp_8ryo3_fnvNtB5_11PyFnvHasher7___str__
FNDA:0,_RNvMs9_Cs6DQHkTO1FLp_8ryo3_fnvNtB5_11PyFnvHasher8___repr__
FNDA:242,_RNvMs9_Cs6DQHkTO1FLp_8ryo3_fnvNtB5_11PyFnvHasher9hexdigest
FNDA:369,_RNvMs9_Cs6DQHkTO1FLp_8ryo3_fnvNtB5_11PyFnvHasher9intdigest
FNDA:0,_RNvMsb_Cs6DQHkTO1FLp_8ryo3_fnvNtB5_11PyFnvHasher17___pymethod_copy__
FNDA:0,_RNvMsb_Cs6DQHkTO1FLp_8ryo3_fnvNtB5_11PyFnvHasher19___pymethod_digest__
FNDA:0,_RNvMsb_Cs6DQHkTO1FLp_8ryo3_fnvNtB5_11PyFnvHasher20___pymethod___str____
FNDA:0,_RNvMsb_Cs6DQHkTO1FLp_8ryo3_fnvNtB5_11PyFnvHasher21___pymethod___repr____
FNDA:0,_RNvMsb_Cs6DQHkTO1FLp_8ryo3_fnvNtB5_11PyFnvHasher22___pymethod_hexdigest__
FNDA:0,_RNvMsb_Cs6DQHkTO1FLp_8ryo3_fnvNtB5_11PyFnvHasher22___pymethod_intdigest__
FNDA:0,_RNvMsb_Cs6DQHkTO1FLp_8ryo3_fnvNtB5_11PyFnvHasher27___pymethod___getnewargs____
FNDA:492,_RNvXs_Cs6DQHkTO1FLp_8ryo3_fnvNtB4_11PyFnvHasherINtNtCs66KPHxksi63_4core7convert4FromNtCs1utYeZj489c_3fnv9FnvHasherE4from
FNF:17
FNH:13
DA:16,614
DA:17,614
DA:18,614
DA:22,492
DA:23,492
DA:24,492
DA:27,0
DA:31,491
DA:32,491
DA:33,0
DA:34,0
DA:35,0
DA:36,0
DA:38,0
DA:39,368
DA:40,368
DA:41,368
DA:42,368
DA:44,123
DA:46,491
DA:49,8
DA:50,8
DA:51,8
DA:54,8
DA:57,8
DA:58,8
DA:60,0
DA:61,0
DA:62,0
DA:64,0
DA:65,0
DA:68,0
DA:70,0
DA:71,0
DA:72,0
DA:74,0
DA:75,0
DA:76,0
DA:79,8
DA:80,8
DA:81,8
DA:83,369
DA:84,369
DA:85,369
DA:87,2
DA:88,2
DA:89,2
DA:90,2
DA:92,242
DA:94,242
DA:95,242
DA:98,124
DA:99,124
DA:100,124
DA:101,124
DA:103,0
DA:104,0
DA:105,0
DA:107,124
DA:109,1
DA:110,1
DA:111,1
DA:116,247
DA:117,247
DA:118,247
DA:120,8
DA:121,8
DA:122,8
DA:123,8
DA:124,8
BRF:0
BRH:0
LF:70
LH:49
end_of_record
SF:/home/jesse/ry/crates/ryo3-fspath/src/fspath.rs
FN:28,_RINvMNtCsatH6JTyZaMN_11ryo3_fspath6fspathNtB3_8PyFsPath3newNtNtCs8Ty2CzGA6U3_5alloc6string6StringECs6myCTDfRRSF_4ryo3
FN:52,_RINvNtCsatH6JTyZaMN_11ryo3_fspath6fspath8path2strRNtNtCsiKSG5X70Gj7_3std4path4PathEB4_
FN:612,_RNCNvMsf_NtCsatH6JTyZaMN_11ryo3_fspath6fspathNtB7_8PyFsPath10components0B9_
FN:646,_RNCNvMsf_NtCsatH6JTyZaMN_11ryo3_fspath6fspathNtB7_8PyFsPath11file_prefix0B9_
FN:712,_RNCNvMsf_NtCsatH6JTyZaMN_11ryo3_fspath6fspathNtB7_8PyFsPath12strip_prefix0B9_
FN:719,_RNCNvMsf_NtCsatH6JTyZaMN_11ryo3_fspath6fspathNtB7_8PyFsPath16symlink_metadata0B9_
FN:316,_RNCNvMsf_NtCsatH6JTyZaMN_11ryo3_fspath6fspathNtB7_8PyFsPath3cwd0B9_
FN:173,_RNCNvMsf_NtCsatH6JTyZaMN_11ryo3_fspath6fspathNtB7_8PyFsPath4root0B9_
FN:301,_RNCNvMsf_NtCsatH6JTyZaMN_11ryo3_fspath6fspathNtB7_8PyFsPath4stem0B9_
FN:302,_RNCNvMsf_NtCsatH6JTyZaMN_11ryo3_fspath6fspathNtB7_8PyFsPath4stems_0B9_
FN:413,_RNCNvMsf_NtCsatH6JTyZaMN_11ryo3_fspath6fspathNtB7_8PyFsPath5mkdir0B9_
FN:428,_RNCNvMsf_NtCsatH6JTyZaMN_11ryo3_fspath6fspathNtB7_8PyFsPath5mkdirs0_0B9_
FN:433,_RNCNvMsf_NtCsatH6JTyZaMN_11ryo3_fspath6fspathNtB7_8PyFsPath5mkdirs1_0B9_
FN:418,_RNCNvMsf_NtCsatH6JTyZaMN_11ryo3_fspath6fspathNtB7_8PyFsPath5mkdirs_0B9_
FN:237,_RNCNvMsf_NtCsatH6JTyZaMN_11ryo3_fspath6fspathNtB7_8PyFsPath5parts0B9_
FN:456,_RNCNvMsf_NtCsatH6JTyZaMN_11ryo3_fspath6fspathNtB7_8PyFsPath5rmdir0B9_
FN:461,_RNCNvMsf_NtCsatH6JTyZaMN_11ryo3_fspath6fspathNtB7_8PyFsPath5rmdirs_0B9_
FN:757,_RNCNvMsf_NtCsatH6JTyZaMN_11ryo3_fspath6fspathNtB7_8PyFsPath5which0B9_
FN:628,_RNCNvMsf_NtCsatH6JTyZaMN_11ryo3_fspath6fspathNtB7_8PyFsPath6exists0B9_
FN:502,_RNCNvMsf_NtCsatH6JTyZaMN_11ryo3_fspath6fspathNtB7_8PyFsPath6rename0B9_
FN:483,_RNCNvMsf_NtCsatH6JTyZaMN_11ryo3_fspath6fspathNtB7_8PyFsPath6unlink0B9_
FN:522,_RNCNvMsf_NtCsatH6JTyZaMN_11ryo3_fspath6fspathNtB7_8PyFsPath7replace0B9_
FN:687,_RNCNvMsf_NtCsatH6JTyZaMN_11ryo3_fspath6fspathNtB7_8PyFsPath8metadata0B9_
FN:693,_RNCNvMsf_NtCsatH6JTyZaMN_11ryo3_fspath6fspathNtB7_8PyFsPath8read_dir0B9_
FN:791,_RNCNvMsf_NtCsatH6JTyZaMN_11ryo3_fspath6fspathNtB7_8PyFsPath8which_re0B9_
FN:634,_RNCNvMsf_NtCsatH6JTyZaMN_11ryo3_fspath6fspathNtB7_8PyFsPath9extension0B9_
FN:640,_RNCNvMsf_NtCsatH6JTyZaMN_11ryo3_fspath6fspathNtB7_8PyFsPath9file_name0B9_
FN:652,_RNCNvMsf_NtCsatH6JTyZaMN_11ryo3_fspath6fspathNtB7_8PyFsPath9file_stem0B9_
FN:701,_RNCNvMsf_NtCsatH6JTyZaMN_11ryo3_fspath6fspathNtB7_8PyFsPath9read_link0B9_
FN:355,_RNCNvMsf_NtCsatH6JTyZaMN_11ryo3_fspath6fspathNtB7_8PyFsPath9read_text0B9_
FN:774,_RNCNvMsf_NtCsatH6JTyZaMN_11ryo3_fspath6fspathNtB7_8PyFsPath9which_all0B9_
FN:851,_RNCNvMsv_NtCsatH6JTyZaMN_11ryo3_fspath6fspathNtB7_15PyFsPathReadDir4take0B9_
FN:808,_RNvXs_NtCsatH6JTyZaMN_11ryo3_fspath6fspathNtB4_8PyFsPathINtNtCs66KPHxksi63_4core7convert4FromNtNtCs8Ty2CzGA6U3_5alloc6string6StringE4fromB6_
FN:808,_RNvXs_NtCsatH6JTyZaMN_11ryo3_fspath6fspathNtB4_8PyFsPathINtNtCs66KPHxksi63_4core7convert4FromNtNtCsiKSG5X70Gj7_3std4path7PathBufE4fromB6_
FN:808,_RNvXs_NtCsatH6JTyZaMN_11ryo3_fspath6fspathNtB4_8PyFsPathINtNtCs66KPHxksi63_4core7convert4FromRNtNtCsiKSG5X70Gj7_3std4path4PathE4fromB6_
FN:808,_RNvXs_NtCsatH6JTyZaMN_11ryo3_fspath6fspathNtB4_8PyFsPathINtNtCs66KPHxksi63_4core7convert4FromRNtNtNtCsiKSG5X70Gj7_3std3ffi6os_str5OsStrE4fromB6_
FN:808,_RNvXs_NtCsatH6JTyZaMN_11ryo3_fspath6fspathNtB4_8PyFsPathINtNtCs66KPHxksi63_4core7convert4FromReE4fromB6_
FN:35,_RNvMNtCsatH6JTyZaMN_11ryo3_fspath6fspathNtB2_8PyFsPath4path
FN:143,_RNvMsf_NtCsatH6JTyZaMN_11ryo3_fspath6fspathNtB5_8PyFsPath10___fspath__
FN:608,_RNvMsf_NtCsatH6JTyZaMN_11ryo3_fspath6fspathNtB5_8PyFsPath10components
FN:675,_RNvMsf_NtCsatH6JTyZaMN_11ryo3_fspath6fspathNtB5_8PyFsPath10is_symlink
FN:341,_RNvMsf_NtCsatH6JTyZaMN_11ryo3_fspath6fspathNtB5_8PyFsPath10read_bytes
FN:92,_RNvMsf_NtCsatH6JTyZaMN_11ryo3_fspath6fspathNtB5_8PyFsPath10to_pathlib
FN:387,_RNvMsf_NtCsatH6JTyZaMN_11ryo3_fspath6fspathNtB5_8PyFsPath10write_text
FN:106,_RNvMsf_NtCsatH6JTyZaMN_11ryo3_fspath6fspathNtB5_8PyFsPath11___richcmp__
FN:153,_RNvMsf_NtCsatH6JTyZaMN_11ryo3_fspath6fspathNtB5_8PyFsPath11___truediv__
FN:643,_RNvMsf_NtCsatH6JTyZaMN_11ryo3_fspath6fspathNtB5_8PyFsPath11file_prefix
FN:659,_RNvMsf_NtCsatH6JTyZaMN_11ryo3_fspath6fspathNtB5_8PyFsPath11is_absolute
FN:671,_RNvMsf_NtCsatH6JTyZaMN_11ryo3_fspath6fspathNtB5_8PyFsPath11is_relative
FN:554,_RNvMsf_NtCsatH6JTyZaMN_11ryo3_fspath6fspathNtB5_8PyFsPath11relative_to
FN:704,_RNvMsf_NtCsatH6JTyZaMN_11ryo3_fspath6fspathNtB5_8PyFsPath11starts_with
FN:271,_RNvMsf_NtCsatH6JTyZaMN_11ryo3_fspath6fspathNtB5_8PyFsPath11with_suffix
FN:383,_RNvMsf_NtCsatH6JTyZaMN_11ryo3_fspath6fspathNtB5_8PyFsPath11write_bytes
FN:157,_RNvMsf_NtCsatH6JTyZaMN_11ryo3_fspath6fspathNtB5_8PyFsPath12___rtruediv__
FN:603,_RNvMsf_NtCsatH6JTyZaMN_11ryo3_fspath6fspathNtB5_8PyFsPath12canonicalize
FN:708,_RNvMsf_NtCsatH6JTyZaMN_11ryo3_fspath6fspathNtB5_8PyFsPath12strip_prefix
FN:69,_RNvMsf_NtCsatH6JTyZaMN_11ryo3_fspath6fspathNtB5_8PyFsPath14___getnewargs__
FN:722,_RNvMsf_NtCsatH6JTyZaMN_11ryo3_fspath6fspathNtB5_8PyFsPath14with_extension
FN:726,_RNvMsf_NtCsatH6JTyZaMN_11ryo3_fspath6fspathNtB5_8PyFsPath14with_file_name
FN:715,_RNvMsf_NtCsatH6JTyZaMN_11ryo3_fspath6fspathNtB5_8PyFsPath16symlink_metadata
FN:313,_RNvMsf_NtCsatH6JTyZaMN_11ryo3_fspath6fspathNtB5_8PyFsPath3cwd
FN:308,_RNvMsf_NtCsatH6JTyZaMN_11ryo3_fspath6fspathNtB5_8PyFsPath4home
FN:679,_RNvMsf_NtCsatH6JTyZaMN_11ryo3_fspath6fspathNtB5_8PyFsPath4join
FN:243,_RNvMsf_NtCsatH6JTyZaMN_11ryo3_fspath6fspathNtB5_8PyFsPath4name
FN:543,_RNvMsf_NtCsatH6JTyZaMN_11ryo3_fspath6fspathNtB5_8PyFsPath4open
FN:336,_RNvMsf_NtCsatH6JTyZaMN_11ryo3_fspath6fspathNtB5_8PyFsPath4read
FN:169,_RNvMsf_NtCsatH6JTyZaMN_11ryo3_fspath6fspathNtB5_8PyFsPath4root
FN:298,_RNvMsf_NtCsatH6JTyZaMN_11ryo3_fspath6fspathNtB5_8PyFsPath4stem
FN:147,_RNvMsf_NtCsatH6JTyZaMN_11ryo3_fspath6fspathNtB5_8PyFsPath5clone
FN:191,_RNvMsf_NtCsatH6JTyZaMN_11ryo3_fspath6fspathNtB5_8PyFsPath5drive
FN:87,_RNvMsf_NtCsatH6JTyZaMN_11ryo3_fspath6fspathNtB5_8PyFsPath5equiv
FN:402,_RNvMsf_NtCsatH6JTyZaMN_11ryo3_fspath6fspathNtB5_8PyFsPath5mkdir
FN:233,_RNvMsf_NtCsatH6JTyZaMN_11ryo3_fspath6fspathNtB5_8PyFsPath5parts
FN:442,_RNvMsf_NtCsatH6JTyZaMN_11ryo3_fspath6fspathNtB5_8PyFsPath5rmdir
FN:96,_RNvMsf_NtCsatH6JTyZaMN_11ryo3_fspath6fspathNtB5_8PyFsPath5to_py
FN:756,_RNvMsf_NtCsatH6JTyZaMN_11ryo3_fspath6fspathNtB5_8PyFsPath5which
FN:369,_RNvMsf_NtCsatH6JTyZaMN_11ryo3_fspath6fspathNtB5_8PyFsPath5write
FN:196,_RNvMsf_NtCsatH6JTyZaMN_11ryo3_fspath6fspathNtB5_8PyFsPath6anchor
FN:529,_RNvMsf_NtCsatH6JTyZaMN_11ryo3_fspath6fspathNtB5_8PyFsPath6as_uri
FN:625,_RNvMsf_NtCsatH6JTyZaMN_11ryo3_fspath6fspathNtB5_8PyFsPath6exists
FN:663,_RNvMsf_NtCsatH6JTyZaMN_11ryo3_fspath6fspathNtB5_8PyFsPath6is_dir
FN:208,_RNvMsf_NtCsatH6JTyZaMN_11ryo3_fspath6fspathNtB5_8PyFsPath6parent
FN:62,_RNvMsf_NtCsatH6JTyZaMN_11ryo3_fspath6fspathNtB5_8PyFsPath6py_new
FN:491,_RNvMsf_NtCsatH6JTyZaMN_11ryo3_fspath6fspathNtB5_8PyFsPath6rename
FN:74,_RNvMsf_NtCsatH6JTyZaMN_11ryo3_fspath6fspathNtB5_8PyFsPath6string
FN:256,_RNvMsf_NtCsatH6JTyZaMN_11ryo3_fspath6fspathNtB5_8PyFsPath6suffix
FN:470,_RNvMsf_NtCsatH6JTyZaMN_11ryo3_fspath6fspathNtB5_8PyFsPath6unlink
FN:78,_RNvMsf_NtCsatH6JTyZaMN_11ryo3_fspath6fspathNtB5_8PyFsPath7___str__
FN:617,_RNvMsf_NtCsatH6JTyZaMN_11ryo3_fspath6fspathNtB5_8PyFsPath7display
FN:667,_RNvMsf_NtCsatH6JTyZaMN_11ryo3_fspath6fspathNtB5_8PyFsPath7is_file
FN:535,_RNvMsf_NtCsatH6JTyZaMN_11ryo3_fspath6fspathNtB5_8PyFsPath7iterdir
FN:227,_RNvMsf_NtCsatH6JTyZaMN_11ryo3_fspath6fspathNtB5_8PyFsPath7parents
FN:509,_RNvMsf_NtCsatH6JTyZaMN_11ryo3_fspath6fspathNtB5_8PyFsPath7replace
FN:138,_RNvMsf_NtCsatH6JTyZaMN_11ryo3_fspath6fspathNtB5_8PyFsPath7resolve
FN:100,_RNvMsf_NtCsatH6JTyZaMN_11ryo3_fspath6fspathNtB5_8PyFsPath8___hash__
FN:82,_RNvMsf_NtCsatH6JTyZaMN_11ryo3_fspath6fspathNtB5_8PyFsPath8___repr__
FN:133,_RNvMsf_NtCsatH6JTyZaMN_11ryo3_fspath6fspathNtB5_8PyFsPath8absolute
FN:319,_RNvMsf_NtCsatH6JTyZaMN_11ryo3_fspath6fspathNtB5_8PyFsPath8as_posix
FN:655,_RNvMsf_NtCsatH6JTyZaMN_11ryo3_fspath6fspathNtB5_8PyFsPath8has_root
FN:331,_RNvMsf_NtCsatH6JTyZaMN_11ryo3_fspath6fspathNtB5_8PyFsPath8joinpath
FN:683,_RNvMsf_NtCsatH6JTyZaMN_11ryo3_fspath6fspathNtB5_8PyFsPath8metadata
FN:690,_RNvMsf_NtCsatH6JTyZaMN_11ryo3_fspath6fspathNtB5_8PyFsPath8read_dir
FN:739,_RNvMsf_NtCsatH6JTyZaMN_11ryo3_fspath6fspathNtB5_8PyFsPath8samefile
FN:283,_RNvMsf_NtCsatH6JTyZaMN_11ryo3_fspath6fspathNtB5_8PyFsPath8suffixes
FN:789,_RNvMsf_NtCsatH6JTyZaMN_11ryo3_fspath6fspathNtB5_8PyFsPath8which_re
FN:162,_RNvMsf_NtCsatH6JTyZaMN_11ryo3_fspath6fspathNtB5_8PyFsPath9___bytes__
FN:598,_RNvMsf_NtCsatH6JTyZaMN_11ryo3_fspath6fspathNtB5_8PyFsPath9ancestors
FN:621,_RNvMsf_NtCsatH6JTyZaMN_11ryo3_fspath6fspathNtB5_8PyFsPath9ends_with
FN:631,_RNvMsf_NtCsatH6JTyZaMN_11ryo3_fspath6fspathNtB5_8PyFsPath9extension
FN:637,_RNvMsf_NtCsatH6JTyZaMN_11ryo3_fspath6fspathNtB5_8PyFsPath9file_name
FN:649,_RNvMsf_NtCsatH6JTyZaMN_11ryo3_fspath6fspathNtB5_8PyFsPath9file_stem
FN:697,_RNvMsf_NtCsatH6JTyZaMN_11ryo3_fspath6fspathNtB5_8PyFsPath9read_link
FN:354,_RNvMsf_NtCsatH6JTyZaMN_11ryo3_fspath6fspathNtB5_8PyFsPath9read_text
FN:772,_RNvMsf_NtCsatH6JTyZaMN_11ryo3_fspath6fspathNtB5_8PyFsPath9which_all
FN:250,_RNvMsf_NtCsatH6JTyZaMN_11ryo3_fspath6fspathNtB5_8PyFsPath9with_name
FN:58,_RNvMsl_NtCsatH6JTyZaMN_11ryo3_fspath6fspathNtB5_8PyFsPath17___pymethod_read__
FN:58,_RNvMsl_NtCsatH6JTyZaMN_11ryo3_fspath6fspathNtB5_8PyFsPath18___pymethod_clone__
FN:58,_RNvMsl_NtCsatH6JTyZaMN_11ryo3_fspath6fspathNtB5_8PyFsPath18___pymethod_to_py__
FN:58,_RNvMsl_NtCsatH6JTyZaMN_11ryo3_fspath6fspathNtB5_8PyFsPath19___pymethod_as_uri__
FN:58,_RNvMsl_NtCsatH6JTyZaMN_11ryo3_fspath6fspathNtB5_8PyFsPath19___pymethod_exists__
FN:58,_RNvMsl_NtCsatH6JTyZaMN_11ryo3_fspath6fspathNtB5_8PyFsPath19___pymethod_is_dir__
FN:58,_RNvMsl_NtCsatH6JTyZaMN_11ryo3_fspath6fspathNtB5_8PyFsPath19___pymethod_string__
FN:58,_RNvMsl_NtCsatH6JTyZaMN_11ryo3_fspath6fspathNtB5_8PyFsPath20___pymethod___str____
FN:58,_RNvMsl_NtCsatH6JTyZaMN_11ryo3_fspath6fspathNtB5_8PyFsPath20___pymethod_display__
FN:58,_RNvMsl_NtCsatH6JTyZaMN_11ryo3_fspath6fspathNtB5_8PyFsPath20___pymethod_is_file__
FN:58,_RNvMsl_NtCsatH6JTyZaMN_11ryo3_fspath6fspathNtB5_8PyFsPath20___pymethod_iterdir__
FN:58,_RNvMsl_NtCsatH6JTyZaMN_11ryo3_fspath6fspathNtB5_8PyFsPath20___pymethod_resolve__
FN:58,_RNvMsl_NtCsatH6JTyZaMN_11ryo3_fspath6fspathNtB5_8PyFsPath21___pymethod___hash____
FN:58,_RNvMsl_NtCsatH6JTyZaMN_11ryo3_fspath6fspathNtB5_8PyFsPath21___pymethod___repr____
FN:58,_RNvMsl_NtCsatH6JTyZaMN_11ryo3_fspath6fspathNtB5_8PyFsPath21___pymethod_absolute__
FN:58,_RNvMsl_NtCsatH6JTyZaMN_11ryo3_fspath6fspathNtB5_8PyFsPath21___pymethod_as_posix__
FN:58,_RNvMsl_NtCsatH6JTyZaMN_11ryo3_fspath6fspathNtB5_8PyFsPath21___pymethod_get_name__
FN:58,_RNvMsl_NtCsatH6JTyZaMN_11ryo3_fspath6fspathNtB5_8PyFsPath21___pymethod_get_root__
FN:58,_RNvMsl_NtCsatH6JTyZaMN_11ryo3_fspath6fspathNtB5_8PyFsPath21___pymethod_get_stem__
FN:58,_RNvMsl_NtCsatH6JTyZaMN_11ryo3_fspath6fspathNtB5_8PyFsPath21___pymethod_has_root__
FN:58,_RNvMsl_NtCsatH6JTyZaMN_11ryo3_fspath6fspathNtB5_8PyFsPath21___pymethod_metadata__
FN:58,_RNvMsl_NtCsatH6JTyZaMN_11ryo3_fspath6fspathNtB5_8PyFsPath21___pymethod_read_dir__
FN:58,_RNvMsl_NtCsatH6JTyZaMN_11ryo3_fspath6fspathNtB5_8PyFsPath22___pymethod___bytes____
FN:58,_RNvMsl_NtCsatH6JTyZaMN_11ryo3_fspath6fspathNtB5_8PyFsPath22___pymethod_ancestors__
FN:58,_RNvMsl_NtCsatH6JTyZaMN_11ryo3_fspath6fspathNtB5_8PyFsPath22___pymethod_extension__
FN:58,_RNvMsl_NtCsatH6JTyZaMN_11ryo3_fspath6fspathNtB5_8PyFsPath22___pymethod_file_name__
FN:58,_RNvMsl_NtCsatH6JTyZaMN_11ryo3_fspath6fspathNtB5_8PyFsPath22___pymethod_file_stem__
FN:58,_RNvMsl_NtCsatH6JTyZaMN_11ryo3_fspath6fspathNtB5_8PyFsPath22___pymethod_get_drive__
FN:58,_RNvMsl_NtCsatH6JTyZaMN_11ryo3_fspath6fspathNtB5_8PyFsPath22___pymethod_get_parts__
FN:58,_RNvMsl_NtCsatH6JTyZaMN_11ryo3_fspath6fspathNtB5_8PyFsPath22___pymethod_read_link__
FN:58,_RNvMsl_NtCsatH6JTyZaMN_11ryo3_fspath6fspathNtB5_8PyFsPath22___pymethod_read_text__
FN:58,_RNvMsl_NtCsatH6JTyZaMN_11ryo3_fspath6fspathNtB5_8PyFsPath23___pymethod___fspath____
FN:58,_RNvMsl_NtCsatH6JTyZaMN_11ryo3_fspath6fspathNtB5_8PyFsPath23___pymethod_components__
FN:58,_RNvMsl_NtCsatH6JTyZaMN_11ryo3_fspath6fspathNtB5_8PyFsPath23___pymethod_get_anchor__
FN:58,_RNvMsl_NtCsatH6JTyZaMN_11ryo3_fspath6fspathNtB5_8PyFsPath23___pymethod_get_parent__
FN:58,_RNvMsl_NtCsatH6JTyZaMN_11ryo3_fspath6fspathNtB5_8PyFsPath23___pymethod_get_suffix__
FN:58,_RNvMsl_NtCsatH6JTyZaMN_11ryo3_fspath6fspathNtB5_8PyFsPath23___pymethod_is_symlink__
FN:58,_RNvMsl_NtCsatH6JTyZaMN_11ryo3_fspath6fspathNtB5_8PyFsPath23___pymethod_read_bytes__
FN:58,_RNvMsl_NtCsatH6JTyZaMN_11ryo3_fspath6fspathNtB5_8PyFsPath23___pymethod_to_pathlib__
FN:58,_RNvMsl_NtCsatH6JTyZaMN_11ryo3_fspath6fspathNtB5_8PyFsPath24___pymethod_file_prefix__
FN:58,_RNvMsl_NtCsatH6JTyZaMN_11ryo3_fspath6fspathNtB5_8PyFsPath24___pymethod_get_parents__
FN:58,_RNvMsl_NtCsatH6JTyZaMN_11ryo3_fspath6fspathNtB5_8PyFsPath24___pymethod_is_absolute__
FN:58,_RNvMsl_NtCsatH6JTyZaMN_11ryo3_fspath6fspathNtB5_8PyFsPath24___pymethod_is_relative__
FN:58,_RNvMsl_NtCsatH6JTyZaMN_11ryo3_fspath6fspathNtB5_8PyFsPath25___pymethod_canonicalize__
FN:58,_RNvMsl_NtCsatH6JTyZaMN_11ryo3_fspath6fspathNtB5_8PyFsPath25___pymethod_get_suffixes__
FN:58,_RNvMsl_NtCsatH6JTyZaMN_11ryo3_fspath6fspathNtB5_8PyFsPath27___pymethod___getnewargs____
FN:58,_RNvMsl_NtCsatH6JTyZaMN_11ryo3_fspath6fspathNtB5_8PyFsPath29___pymethod_symlink_metadata__
FN:846,_RNvMsv_NtCsatH6JTyZaMN_11ryo3_fspath6fspathNtB5_15PyFsPathReadDir4take
FN:834,_RNvMsv_NtCsatH6JTyZaMN_11ryo3_fspath6fspathNtB5_15PyFsPathReadDir7collect
FN:822,_RNvMsv_NtCsatH6JTyZaMN_11ryo3_fspath6fspathNtB5_15PyFsPathReadDir8___iter__
FN:826,_RNvMsv_NtCsatH6JTyZaMN_11ryo3_fspath6fspathNtB5_15PyFsPathReadDir8___next__
FN:820,_RNvMsx_NtCsatH6JTyZaMN_11ryo3_fspath6fspathNtB5_15PyFsPathReadDir20___pymethod_collect__
FN:820,_RNvMsx_NtCsatH6JTyZaMN_11ryo3_fspath6fspathNtB5_15PyFsPathReadDir21___pymethod___iter____
FN:860,_RNvXs0_NtCsatH6JTyZaMN_11ryo3_fspath6fspathNtB5_15PyFsPathReadDirINtNtCs66KPHxksi63_4core7convert4FromNtNtCsiKSG5X70Gj7_3std2fs7ReadDirE4from
FN:28,_RINvMNtCsatH6JTyZaMN_11ryo3_fspath6fspathNtB3_8PyFsPath3newpEB5_
FNDA:4,_RINvMNtCsatH6JTyZaMN_11ryo3_fspath6fspathNtB3_8PyFsPath3newNtNtCs8Ty2CzGA6U3_5alloc6string6StringECs6myCTDfRRSF_4ryo3
FNDA:8,_RINvNtCsatH6JTyZaMN_11ryo3_fspath6fspath8path2strRNtNtCsiKSG5X70Gj7_3std4path4PathEB4_
FNDA:0,_RNCNvMsf_NtCsatH6JTyZaMN_11ryo3_fspath6fspathNtB7_8PyFsPath10components0B9_
FNDA:0,_RNCNvMsf_NtCsatH6JTyZaMN_11ryo3_fspath6fspathNtB7_8PyFsPath11file_prefix0B9_
FNDA:0,_RNCNvMsf_NtCsatH6JTyZaMN_11ryo3_fspath6fspathNtB7_8PyFsPath12strip_prefix0B9_
FNDA:0,_RNCNvMsf_NtCsatH6JTyZaMN_11ryo3_fspath6fspathNtB7_8PyFsPath16symlink_metadata0B9_
FNDA:0,_RNCNvMsf_NtCsatH6JTyZaMN_11ryo3_fspath6fspathNtB7_8PyFsPath3cwd0B9_
FNDA:1,_RNCNvMsf_NtCsatH6JTyZaMN_11ryo3_fspath6fspathNtB7_8PyFsPath4root0B9_
FNDA:1,_RNCNvMsf_NtCsatH6JTyZaMN_11ryo3_fspath6fspathNtB7_8PyFsPath4stem0B9_
FNDA:0,_RNCNvMsf_NtCsatH6JTyZaMN_11ryo3_fspath6fspathNtB7_8PyFsPath4stems_0B9_
FNDA:0,_RNCNvMsf_NtCsatH6JTyZaMN_11ryo3_fspath6fspathNtB7_8PyFsPath5mkdir0B9_
FNDA:0,_RNCNvMsf_NtCsatH6JTyZaMN_11ryo3_fspath6fspathNtB7_8PyFsPath5mkdirs0_0B9_
FNDA:0,_RNCNvMsf_NtCsatH6JTyZaMN_11ryo3_fspath6fspathNtB7_8PyFsPath5mkdirs1_0B9_
FNDA:0,_RNCNvMsf_NtCsatH6JTyZaMN_11ryo3_fspath6fspathNtB7_8PyFsPath5mkdirs_0B9_
FNDA:9,_RNCNvMsf_NtCsatH6JTyZaMN_11ryo3_fspath6fspathNtB7_8PyFsPath5parts0B9_
FNDA:0,_RNCNvMsf_NtCsatH6JTyZaMN_11ryo3_fspath6fspathNtB7_8PyFsPath5rmdir0B9_
FNDA:0,_RNCNvMsf_NtCsatH6JTyZaMN_11ryo3_fspath6fspathNtB7_8PyFsPath5rmdirs_0B9_
FNDA:0,_RNCNvMsf_NtCsatH6JTyZaMN_11ryo3_fspath6fspathNtB7_8PyFsPath5which0B9_
FNDA:0,_RNCNvMsf_NtCsatH6JTyZaMN_11ryo3_fspath6fspathNtB7_8PyFsPath6exists0B9_
FNDA:0,_RNCNvMsf_NtCsatH6JTyZaMN_11ryo3_fspath6fspathNtB7_8PyFsPath6rename0B9_
FNDA:0,_RNCNvMsf_NtCsatH6JTyZaMN_11ryo3_fspath6fspathNtB7_8PyFsPath6unlink0B9_
FNDA:0,_RNCNvMsf_NtCsatH6JTyZaMN_11ryo3_fspath6fspathNtB7_8PyFsPath7replace0B9_
FNDA:0,_RNCNvMsf_NtCsatH6JTyZaMN_11ryo3_fspath6fspathNtB7_8PyFsPath8metadata0B9_
FNDA:0,_RNCNvMsf_NtCsatH6JTyZaMN_11ryo3_fspath6fspathNtB7_8PyFsPath8read_dir0B9_
FNDA:0,_RNCNvMsf_NtCsatH6JTyZaMN_11ryo3_fspath6fspathNtB7_8PyFsPath8which_re0B9_
FNDA:0,_RNCNvMsf_NtCsatH6JTyZaMN_11ryo3_fspath6fspathNtB7_8PyFsPath9extension0B9_
FNDA:0,_RNCNvMsf_NtCsatH6JTyZaMN_11ryo3_fspath6fspathNtB7_8PyFsPath9file_name0B9_
FNDA:0,_RNCNvMsf_NtCsatH6JTyZaMN_11ryo3_fspath6fspathNtB7_8PyFsPath9file_stem0B9_
FNDA:0,_RNCNvMsf_NtCsatH6JTyZaMN_11ryo3_fspath6fspathNtB7_8PyFsPath9read_link0B9_
FNDA:0,_RNCNvMsf_NtCsatH6JTyZaMN_11ryo3_fspath6fspathNtB7_8PyFsPath9read_text0B9_
FNDA:0,_RNCNvMsf_NtCsatH6JTyZaMN_11ryo3_fspath6fspathNtB7_8PyFsPath9which_all0B9_
FNDA:0,_RNCNvMsv_NtCsatH6JTyZaMN_11ryo3_fspath6fspathNtB7_15PyFsPathReadDir4take0B9_
FNDA:0,_RNvXs_NtCsatH6JTyZaMN_11ryo3_fspath6fspathNtB4_8PyFsPathINtNtCs66KPHxksi63_4core7convert4FromNtNtCs8Ty2CzGA6U3_5alloc6string6StringE4fromB6_
FNDA:80,_RNvXs_NtCsatH6JTyZaMN_11ryo3_fspath6fspathNtB4_8PyFsPathINtNtCs66KPHxksi63_4core7convert4FromNtNtCsiKSG5X70Gj7_3std4path7PathBufE4fromB6_
FNDA:0,_RNvXs_NtCsatH6JTyZaMN_11ryo3_fspath6fspathNtB4_8PyFsPathINtNtCs66KPHxksi63_4core7convert4FromRNtNtCsiKSG5X70Gj7_3std4path4PathE4fromB6_
FNDA:1,_RNvXs_NtCsatH6JTyZaMN_11ryo3_fspath6fspathNtB4_8PyFsPathINtNtCs66KPHxksi63_4core7convert4FromRNtNtNtCsiKSG5X70Gj7_3std3ffi6os_str5OsStrE4fromB6_
FNDA:6,_RNvXs_NtCsatH6JTyZaMN_11ryo3_fspath6fspathNtB4_8PyFsPathINtNtCs66KPHxksi63_4core7convert4FromReE4fromB6_
FNDA:114,_RNvMNtCsatH6JTyZaMN_11ryo3_fspath6fspathNtB2_8PyFsPath4path
FNDA:22,_RNvMsf_NtCsatH6JTyZaMN_11ryo3_fspath6fspathNtB5_8PyFsPath10___fspath__
FNDA:0,_RNvMsf_NtCsatH6JTyZaMN_11ryo3_fspath6fspathNtB5_8PyFsPath10components
FNDA:0,_RNvMsf_NtCsatH6JTyZaMN_11ryo3_fspath6fspathNtB5_8PyFsPath10is_symlink
FNDA:3,_RNvMsf_NtCsatH6JTyZaMN_11ryo3_fspath6fspathNtB5_8PyFsPath10read_bytes
FNDA:1,_RNvMsf_NtCsatH6JTyZaMN_11ryo3_fspath6fspathNtB5_8PyFsPath10to_pathlib
FNDA:2,_RNvMsf_NtCsatH6JTyZaMN_11ryo3_fspath6fspathNtB5_8PyFsPath10write_text
FNDA:25,_RNvMsf_NtCsatH6JTyZaMN_11ryo3_fspath6fspathNtB5_8PyFsPath11___richcmp__
FNDA:4,_RNvMsf_NtCsatH6JTyZaMN_11ryo3_fspath6fspathNtB5_8PyFsPath11___truediv__
FNDA:0,_RNvMsf_NtCsatH6JTyZaMN_11ryo3_fspath6fspathNtB5_8PyFsPath11file_prefix
FNDA:0,_RNvMsf_NtCsatH6JTyZaMN_11ryo3_fspath6fspathNtB5_8PyFsPath11is_absolute
FNDA:0,_RNvMsf_NtCsatH6JTyZaMN_11ryo3_fspath6fspathNtB5_8PyFsPath11is_relative
FNDA:1,_RNvMsf_NtCsatH6JTyZaMN_11ryo3_fspath6fspathNtB5_8PyFsPath11relative_to
FNDA:0,_RNvMsf_NtCsatH6JTyZaMN_11ryo3_fspath6fspathNtB5_8PyFsPath11starts_with
FNDA:1,_RNvMsf_NtCsatH6JTyZaMN_11ryo3_fspath6fspathNtB5_8PyFsPath11with_suffix
FNDA:1,_RNvMsf_NtCsatH6JTyZaMN_11ryo3_fspath6fspathNtB5_8PyFsPath11write_bytes
FNDA:1,_RNvMsf_NtCsatH6JTyZaMN_11ryo3_fspath6fspathNtB5_8PyFsPath12___rtruediv__
FNDA:0,_RNvMsf_NtCsatH6JTyZaMN_11ryo3_fspath6fspathNtB5_8PyFsPath12canonicalize
FNDA:0,_RNvMsf_NtCsatH6JTyZaMN_11ryo3_fspath6fspathNtB5_8PyFsPath12strip_prefix
FNDA:1,_RNvMsf_NtCsatH6JTyZaMN_11ryo3_fspath6fspathNtB5_8PyFsPath14___getnewargs__
FNDA:0,_RNvMsf_NtCsatH6JTyZaMN_11ryo3_fspath6fspathNtB5_8PyFsPath14with_extension
FNDA:0,_RNvMsf_NtCsatH6JTyZaMN_11ryo3_fspath6fspathNtB5_8PyFsPath14with_file_name
FNDA:0,_RNvMsf_NtCsatH6JTyZaMN_11ryo3_fspath6fspathNtB5_8PyFsPath16symlink_metadata
FNDA:2,_RNvMsf_NtCsatH6JTyZaMN_11ryo3_fspath6fspathNtB5_8PyFsPath3cwd
FNDA:0,_RNvMsf_NtCsatH6JTyZaMN_11ryo3_fspath6fspathNtB5_8PyFsPath4home
FNDA:0,_RNvMsf_NtCsatH6JTyZaMN_11ryo3_fspath6fspathNtB5_8PyFsPath4join
FNDA:0,_RNvMsf_NtCsatH6JTyZaMN_11ryo3_fspath6fspathNtB5_8PyFsPath4name
FNDA:0,_RNvMsf_NtCsatH6JTyZaMN_11ryo3_fspath6fspathNtB5_8PyFsPath4open
FNDA:3,_RNvMsf_NtCsatH6JTyZaMN_11ryo3_fspath6fspathNtB5_8PyFsPath4read
FNDA:1,_RNvMsf_NtCsatH6JTyZaMN_11ryo3_fspath6fspathNtB5_8PyFsPath4root
FNDA:1,_RNvMsf_NtCsatH6JTyZaMN_11ryo3_fspath6fspathNtB5_8PyFsPath4stem
FNDA:0,_RNvMsf_NtCsatH6JTyZaMN_11ryo3_fspath6fspathNtB5_8PyFsPath5clone
FNDA:0,_RNvMsf_NtCsatH6JTyZaMN_11ryo3_fspath6fspathNtB5_8PyFsPath5drive
FNDA:0,_RNvMsf_NtCsatH6JTyZaMN_11ryo3_fspath6fspathNtB5_8PyFsPath5equiv
FNDA:0,_RNvMsf_NtCsatH6JTyZaMN_11ryo3_fspath6fspathNtB5_8PyFsPath5mkdir
FNDA:3,_RNvMsf_NtCsatH6JTyZaMN_11ryo3_fspath6fspathNtB5_8PyFsPath5parts
FNDA:0,_RNvMsf_NtCsatH6JTyZaMN_11ryo3_fspath6fspathNtB5_8PyFsPath5rmdir
FNDA:1,_RNvMsf_NtCsatH6JTyZaMN_11ryo3_fspath6fspathNtB5_8PyFsPath5to_py
FNDA:0,_RNvMsf_NtCsatH6JTyZaMN_11ryo3_fspath6fspathNtB5_8PyFsPath5which
FNDA:3,_RNvMsf_NtCsatH6JTyZaMN_11ryo3_fspath6fspathNtB5_8PyFsPath5write
FNDA:0,_RNvMsf_NtCsatH6JTyZaMN_11ryo3_fspath6fspathNtB5_8PyFsPath6anchor
FNDA:0,_RNvMsf_NtCsatH6JTyZaMN_11ryo3_fspath6fspathNtB5_8PyFsPath6as_uri
FNDA:1,_RNvMsf_NtCsatH6JTyZaMN_11ryo3_fspath6fspathNtB5_8PyFsPath6exists
FNDA:5,_RNvMsf_NtCsatH6JTyZaMN_11ryo3_fspath6fspathNtB5_8PyFsPath6is_dir
FNDA:2,_RNvMsf_NtCsatH6JTyZaMN_11ryo3_fspath6fspathNtB5_8PyFsPath6parent
[...]
FN:76,_RNCNvMs7_NtCsfW6IUNVNipD_11ryo3_xxhash9xxhashersNtB7_7PyXxh329intdigest0B9_
FN:178,_RNCNvMsk_NtCsfW6IUNVNipD_11ryo3_xxhash9xxhashersNtB7_7PyXxh646digest0B9_
FN:183,_RNCNvMsk_NtCsfW6IUNVNipD_11ryo3_xxhash9xxhashersNtB7_7PyXxh649intdigest0B9_
FN:306,_RNCNvMsx_NtCsfW6IUNVNipD_11ryo3_xxhash9xxhashersNtB7_6PyXxh312intdigest1280B9_
FN:287,_RNCNvMsx_NtCsfW6IUNVNipD_11ryo3_xxhash9xxhashersNtB7_6PyXxh36digest0B9_
FN:263,_RNCNvMsx_NtCsfW6IUNVNipD_11ryo3_xxhash9xxhashersNtB7_6PyXxh38___repr__0B9_
FN:292,_RNCNvMsx_NtCsfW6IUNVNipD_11ryo3_xxhash9xxhashersNtB7_6PyXxh39intdigest0B9_
FNDA:8,_RNvMs7_NtCsfW6IUNVNipD_11ryo3_xxhash9xxhashersNtB5_7PyXxh3210block_size
FNDA:8,_RNvMs7_NtCsfW6IUNVNipD_11ryo3_xxhash9xxhashersNtB5_7PyXxh3211digest_size
FNDA:1,_RNvMs7_NtCsfW6IUNVNipD_11ryo3_xxhash9xxhashersNtB5_7PyXxh324copy
FNDA:8,_RNvMs7_NtCsfW6IUNVNipD_11ryo3_xxhash9xxhashersNtB5_7PyXxh324name
FNDA:0,_RNvMs7_NtCsfW6IUNVNipD_11ryo3_xxhash9xxhashersNtB5_7PyXxh324seed
FNDA:0,_RNvMs7_NtCsfW6IUNVNipD_11ryo3_xxhash9xxhashersNtB5_7PyXxh325reset
FNDA:373,_RNvMs7_NtCsfW6IUNVNipD_11ryo3_xxhash9xxhashersNtB5_7PyXxh326digest
FNDA:1105,_RNvMs7_NtCsfW6IUNVNipD_11ryo3_xxhash9xxhashersNtB5_7PyXxh326py_new
FNDA:2,_RNvMs7_NtCsfW6IUNVNipD_11ryo3_xxhash9xxhashersNtB5_7PyXxh326update
FNDA:0,_RNvMs7_NtCsfW6IUNVNipD_11ryo3_xxhash9xxhashersNtB5_7PyXxh327___str__
FNDA:0,_RNvMs7_NtCsfW6IUNVNipD_11ryo3_xxhash9xxhashersNtB5_7PyXxh328___repr__
FNDA:373,_RNvMs7_NtCsfW6IUNVNipD_11ryo3_xxhash9xxhashersNtB5_7PyXxh329hexdigest
FNDA:373,_RNvMs7_NtCsfW6IUNVNipD_11ryo3_xxhash9xxhashersNtB5_7PyXxh329intdigest
FNDA:0,_RNvMs9_NtCsfW6IUNVNipD_11ryo3_xxhash9xxhashersNtB5_7PyXxh3217___pymethod_copy__
FNDA:0,_RNvMs9_NtCsfW6IUNVNipD_11ryo3_xxhash9xxhashersNtB5_7PyXxh3219___pymethod_digest__
FNDA:0,_RNvMs9_NtCsfW6IUNVNipD_11ryo3_xxhash9xxhashersNtB5_7PyXxh3220___pymethod___str____
FNDA:0,_RNvMs9_NtCsfW6IUNVNipD_11ryo3_xxhash9xxhashersNtB5_7PyXxh3221___pymethod___repr____
FNDA:0,_RNvMs9_NtCsfW6IUNVNipD_11ryo3_xxhash9xxhashersNtB5_7PyXxh3221___pymethod_get_seed__
FNDA:0,_RNvMs9_NtCsfW6IUNVNipD_11ryo3_xxhash9xxhashersNtB5_7PyXxh3222___pymethod_hexdigest__
FNDA:0,_RNvMs9_NtCsfW6IUNVNipD_11ryo3_xxhash9xxhashersNtB5_7PyXxh3222___pymethod_intdigest__
FNDA:8,_RNvMsk_NtCsfW6IUNVNipD_11ryo3_xxhash9xxhashersNtB5_7PyXxh6410block_size
FNDA:8,_RNvMsk_NtCsfW6IUNVNipD_11ryo3_xxhash9xxhashersNtB5_7PyXxh6411digest_size
FNDA:0,_RNvMsk_NtCsfW6IUNVNipD_11ryo3_xxhash9xxhashersNtB5_7PyXxh644copy
FNDA:8,_RNvMsk_NtCsfW6IUNVNipD_11ryo3_xxhash9xxhashersNtB5_7PyXxh644name
FNDA:0,_RNvMsk_NtCsfW6IUNVNipD_11ryo3_xxhash9xxhashersNtB5_7PyXxh644seed
FNDA:0,_RNvMsk_NtCsfW6IUNVNipD_11ryo3_xxhash9xxhashersNtB5_7PyXxh645reset
FNDA:0,_RNvMsk_NtCsfW6IUNVNipD_11ryo3_xxhash9xxhashersNtB5_7PyXxh646digest
FNDA:0,_RNvMsk_NtCsfW6IUNVNipD_11ryo3_xxhash9xxhashersNtB5_7PyXxh646py_new
FNDA:0,_RNvMsk_NtCsfW6IUNVNipD_11ryo3_xxhash9xxhashersNtB5_7PyXxh646update
FNDA:0,_RNvMsk_NtCsfW6IUNVNipD_11ryo3_xxhash9xxhashersNtB5_7PyXxh647___str__
FNDA:0,_RNvMsk_NtCsfW6IUNVNipD_11ryo3_xxhash9xxhashersNtB5_7PyXxh648___repr__
FNDA:0,_RNvMsk_NtCsfW6IUNVNipD_11ryo3_xxhash9xxhashersNtB5_7PyXxh649hexdigest
FNDA:0,_RNvMsk_NtCsfW6IUNVNipD_11ryo3_xxhash9xxhashersNtB5_7PyXxh649intdigest
FNDA:0,_RNvMsm_NtCsfW6IUNVNipD_11ryo3_xxhash9xxhashersNtB5_7PyXxh6417___pymethod_copy__
FNDA:0,_RNvMsm_NtCsfW6IUNVNipD_11ryo3_xxhash9xxhashersNtB5_7PyXxh6419___pymethod_digest__
FNDA:0,_RNvMsm_NtCsfW6IUNVNipD_11ryo3_xxhash9xxhashersNtB5_7PyXxh6420___pymethod___str____
FNDA:0,_RNvMsm_NtCsfW6IUNVNipD_11ryo3_xxhash9xxhashersNtB5_7PyXxh6421___pymethod___repr____
FNDA:0,_RNvMsm_NtCsfW6IUNVNipD_11ryo3_xxhash9xxhashersNtB5_7PyXxh6421___pymethod_get_seed__
FNDA:0,_RNvMsm_NtCsfW6IUNVNipD_11ryo3_xxhash9xxhashersNtB5_7PyXxh6422___pymethod_hexdigest__
FNDA:0,_RNvMsm_NtCsfW6IUNVNipD_11ryo3_xxhash9xxhashersNtB5_7PyXxh6422___pymethod_intdigest__
FNDA:8,_RNvMsx_NtCsfW6IUNVNipD_11ryo3_xxhash9xxhashersNtB5_6PyXxh310block_size
FNDA:8,_RNvMsx_NtCsfW6IUNVNipD_11ryo3_xxhash9xxhashersNtB5_6PyXxh311digest_size
FNDA:0,_RNvMsx_NtCsfW6IUNVNipD_11ryo3_xxhash9xxhashersNtB5_6PyXxh312hexdigest128
FNDA:0,_RNvMsx_NtCsfW6IUNVNipD_11ryo3_xxhash9xxhashersNtB5_6PyXxh312intdigest128
FNDA:0,_RNvMsx_NtCsfW6IUNVNipD_11ryo3_xxhash9xxhashersNtB5_6PyXxh34copy
FNDA:8,_RNvMsx_NtCsfW6IUNVNipD_11ryo3_xxhash9xxhashersNtB5_6PyXxh34name
FNDA:0,_RNvMsx_NtCsfW6IUNVNipD_11ryo3_xxhash9xxhashersNtB5_6PyXxh34seed
FNDA:0,_RNvMsx_NtCsfW6IUNVNipD_11ryo3_xxhash9xxhashersNtB5_6PyXxh35reset
FNDA:0,_RNvMsx_NtCsfW6IUNVNipD_11ryo3_xxhash9xxhashersNtB5_6PyXxh36digest
FNDA:0,_RNvMsx_NtCsfW6IUNVNipD_11ryo3_xxhash9xxhashersNtB5_6PyXxh36py_new
FNDA:0,_RNvMsx_NtCsfW6IUNVNipD_11ryo3_xxhash9xxhashersNtB5_6PyXxh36update
FNDA:0,_RNvMsx_NtCsfW6IUNVNipD_11ryo3_xxhash9xxhashersNtB5_6PyXxh37___str__
FNDA:0,_RNvMsx_NtCsfW6IUNVNipD_11ryo3_xxhash9xxhashersNtB5_6PyXxh38___repr__
FNDA:0,_RNvMsx_NtCsfW6IUNVNipD_11ryo3_xxhash9xxhashersNtB5_6PyXxh39digest128
FNDA:0,_RNvMsx_NtCsfW6IUNVNipD_11ryo3_xxhash9xxhashersNtB5_6PyXxh39hexdigest
FNDA:0,_RNvMsx_NtCsfW6IUNVNipD_11ryo3_xxhash9xxhashersNtB5_6PyXxh39intdigest
FNDA:0,_RNvMsz_NtCsfW6IUNVNipD_11ryo3_xxhash9xxhashersNtB5_6PyXxh317___pymethod_copy__
FNDA:0,_RNvMsz_NtCsfW6IUNVNipD_11ryo3_xxhash9xxhashersNtB5_6PyXxh318___pymethod_reset__
FNDA:0,_RNvMsz_NtCsfW6IUNVNipD_11ryo3_xxhash9xxhashersNtB5_6PyXxh319___pymethod_digest__
FNDA:0,_RNvMsz_NtCsfW6IUNVNipD_11ryo3_xxhash9xxhashersNtB5_6PyXxh320___pymethod___str____
FNDA:0,_RNvMsz_NtCsfW6IUNVNipD_11ryo3_xxhash9xxhashersNtB5_6PyXxh321___pymethod___repr____
FNDA:0,_RNvMsz_NtCsfW6IUNVNipD_11ryo3_xxhash9xxhashersNtB5_6PyXxh321___pymethod_get_seed__
FNDA:0,_RNvMsz_NtCsfW6IUNVNipD_11ryo3_xxhash9xxhashersNtB5_6PyXxh322___pymethod_digest128__
FNDA:0,_RNvMsz_NtCsfW6IUNVNipD_11ryo3_xxhash9xxhashersNtB5_6PyXxh322___pymethod_hexdigest__
FNDA:0,_RNvMsz_NtCsfW6IUNVNipD_11ryo3_xxhash9xxhashersNtB5_6PyXxh322___pymethod_intdigest__
FNDA:0,_RNvMsz_NtCsfW6IUNVNipD_11ryo3_xxhash9xxhashersNtB5_6PyXxh325___pymethod_hexdigest128__
FNDA:0,_RNvMsz_NtCsfW6IUNVNipD_11ryo3_xxhash9xxhashersNtB5_6PyXxh325___pymethod_intdigest128__
FNDA:0,_RNvNtCsfW6IUNVNipD_11ryo3_xxhash9xxhashers4xxh3
FNDA:0,_RNvNtCsfW6IUNVNipD_11ryo3_xxhash9xxhashers5xxh32
FNDA:0,_RNvNtCsfW6IUNVNipD_11ryo3_xxhash9xxhashers5xxh64
FNDA:8,_RNvNtCsfW6IUNVNipD_11ryo3_xxhash9xxhashers9pymod_add
FNDA:373,_RNCNvMs7_NtCsfW6IUNVNipD_11ryo3_xxhash9xxhashersNtB7_7PyXxh329hexdigest0B9_
FNDA:373,_RNCNvMs7_NtCsfW6IUNVNipD_11ryo3_xxhash9xxhashersNtB7_7PyXxh329intdigest0B9_
FNDA:0,_RNCNvMsk_NtCsfW6IUNVNipD_11ryo3_xxhash9xxhashersNtB7_7PyXxh646digest0B9_
FNDA:0,_RNCNvMsk_NtCsfW6IUNVNipD_11ryo3_xxhash9xxhashersNtB7_7PyXxh649intdigest0B9_
FNDA:0,_RNCNvMsx_NtCsfW6IUNVNipD_11ryo3_xxhash9xxhashersNtB7_6PyXxh312intdigest1280B9_
FNDA:0,_RNCNvMsx_NtCsfW6IUNVNipD_11ryo3_xxhash9xxhashersNtB7_6PyXxh36digest0B9_
FNDA:0,_RNCNvMsx_NtCsfW6IUNVNipD_11ryo3_xxhash9xxhashersNtB7_6PyXxh38___repr__0B9_
FNDA:0,_RNCNvMsx_NtCsfW6IUNVNipD_11ryo3_xxhash9xxhashersNtB7_6PyXxh39intdigest0B9_
FNF:57
FNH:18
DA:16,0
DA:20,1105
DA:21,1105
DA:22,1104
DA:23,1104
DA:24,1104
DA:25,1104
DA:27,1104
DA:28,1104
DA:29,1104
DA:30,1104
DA:32,1
DA:33,1
DA:34,1
DA:35,1
DA:37,1105
DA:39,0
DA:40,0
DA:41,0
DA:43,0
DA:44,0
DA:45,0
DA:46,0
DA:49,8
DA:50,8
DA:51,8
DA:54,8
DA:55,8
DA:56,8
DA:59,8
DA:60,8
DA:61,8
DA:64,0
DA:65,0
DA:66,0
DA:68,373
DA:69,373
DA:71,373
DA:72,373
DA:73,373
DA:75,373
DA:76,373
DA:77,373
DA:79,373
DA:80,373
DA:81,373
DA:82,373
DA:83,373
DA:86,2
DA:87,2
DA:88,2
DA:89,2
DA:90,2
DA:92,1
DA:93,1
DA:94,1
DA:95,1
DA:96,1
DA:97,1
DA:98,1
DA:99,1
DA:102,0
DA:103,0
DA:104,0
DA:105,0
DA:106,0
DA:112,0
DA:113,0
DA:114,0
DA:123,0
DA:128,0
DA:129,0
DA:130,0
DA:131,0
DA:132,0
DA:133,0
DA:134,0
DA:135,0
DA:137,0
DA:138,0
DA:139,0
DA:140,0
DA:142,0
DA:145,0
DA:146,0
DA:147,0
DA:150,0
DA:151,0
DA:152,0
DA:153,0
DA:154,0
DA:158,8
DA:159,8
DA:160,8
DA:163,8
DA:164,8
DA:165,8
DA:168,8
DA:169,8
DA:170,8
DA:173,0
DA:174,0
DA:175,0
DA:177,0
DA:178,0
DA:179,0
DA:180,0
DA:182,0
DA:183,0
DA:184,0
DA:186,0
DA:187,0
DA:188,0
DA:189,0
DA:192,0
DA:193,0
DA:194,0
DA:195,0
DA:196,0
DA:198,0
DA:199,0
DA:200,0
DA:201,0
DA:202,0
DA:203,0
DA:204,0
DA:207,0
DA:208,0
DA:209,0
DA:210,0
DA:211,0
DA:216,0
DA:217,0
DA:218,0
DA:226,0
DA:230,0
DA:231,0
DA:232,0
DA:233,0
DA:234,0
DA:235,0
DA:236,0
DA:237,0
DA:238,0
DA:240,0
DA:241,0
DA:242,0
DA:243,0
DA:244,0
DA:245,0
DA:246,0
DA:247,0
DA:249,0
DA:250,0
DA:251,0
DA:252,0
DA:254,0
DA:256,0
DA:257,0
DA:258,0
DA:260,0
DA:261,0
DA:262,0
DA:263,0
DA:264,0
DA:267,8
DA:268,8
DA:269,8
DA:272,8
DA:273,8
DA:274,8
DA:277,8
DA:278,8
DA:279,8
DA:282,0
DA:283,0
DA:284,0
DA:286,0
DA:287,0
DA:288,0
DA:289,0
DA:291,0
DA:292,0
DA:293,0
DA:295,0
DA:296,0
DA:297,0
DA:298,0
DA:300,0
DA:301,0
DA:302,0
DA:303,0
DA:305,0
DA:306,0
DA:307,0
DA:309,0
DA:310,0
DA:311,0
DA:312,0
DA:315,0
DA:317,0
DA:318,0
DA:319,0
DA:320,0
DA:322,0
DA:323,0
DA:324,0
DA:325,0
DA:326,0
DA:327,0
DA:328,0
DA:330,0
DA:331,0
DA:332,0
DA:333,0
DA:334,0
DA:339,0
DA:340,0
DA:341,0
DA:342,0
DA:343,0
DA:344,0
DA:345,0
DA:347,8
DA:348,8
DA:349,8
DA:350,8
DA:351,8
DA:352,8
DA:353,8
DA:354,8
DA:355,8
BRF:0
BRH:0
LF:240
LH:79
end_of_record
SF:/home/jesse/ry/crates/ryo3-zstd/src/api.rs
FN:6,_RNvNtCs3sdAz1Bxt9D_9ryo3_zstd3api17pysubmod_register
FN:16,_RNvNtCs3sdAz1Bxt9D_9ryo3_zstd3api9pymod_add
FNDA:8,_RNvNtCs3sdAz1Bxt9D_9ryo3_zstd3api17pysubmod_register
FNDA:8,_RNvNtCs3sdAz1Bxt9D_9ryo3_zstd3api9pymod_add
FNF:2
FNH:2
DA:6,8
DA:7,8
DA:8,8
DA:9,8
DA:10,8
DA:11,8
DA:12,8
DA:13,8
DA:14,8
DA:16,8
DA:17,8
DA:18,8
DA:19,8
DA:20,8
DA:21,8
DA:22,8
DA:23,8
BRF:0
BRH:0
LF:17
LH:17
end_of_record
SF:/home/jesse/ry/crates/ryo3-zstd/src/compression_level.rs
FN:8,_RNvXNtCs3sdAz1Bxt9D_9ryo3_zstd17compression_levelNtB2_18PyCompressionLevelNtNtCs66KPHxksi63_4core7default7Default7default
FN:25,_RNvXs0_NtCs3sdAz1Bxt9D_9ryo3_zstd17compression_levellINtNtCs66KPHxksi63_4core7convert4FromNtB5_18PyCompressionLevelE4from
FN:31,_RNvXs1_NtCs3sdAz1Bxt9D_9ryo3_zstd17compression_levelNtB5_18PyCompressionLevelNtNtCsjhPV6BdWoWa_4pyo310conversion12FromPyObject13extract_bound
FN:15,_RNvXs_NtCs3sdAz1Bxt9D_9ryo3_zstd17compression_levelNtB4_18PyCompressionLevelINtNtCs66KPHxksi63_4core7convert7TryFromlE8try_from
FNDA:1,_RNvXNtCs3sdAz1Bxt9D_9ryo3_zstd17compression_levelNtB2_18PyCompressionLevelNtNtCs66KPHxksi63_4core7default7Default7default
FNDA:25,_RNvXs0_NtCs3sdAz1Bxt9D_9ryo3_zstd17compression_levellINtNtCs66KPHxksi63_4core7convert4FromNtB5_18PyCompressionLevelE4from
FNDA:28,_RNvXs1_NtCs3sdAz1Bxt9D_9ryo3_zstd17compression_levelNtB5_18PyCompressionLevelNtNtCsjhPV6BdWoWa_4pyo310conversion12FromPyObject13extract_bound
FNDA:0,_RNvXs_NtCs3sdAz1Bxt9D_9ryo3_zstd17compression_levelNtB4_18PyCompressionLevelINtNtCs66KPHxksi63_4core7convert7TryFromlE8try_from
FNF:4
FNH:3
DA:8,1
DA:9,1
DA:10,1
DA:15,0
DA:16,0
DA:17,0
DA:19,0
DA:21,0
DA:25,25
DA:26,25
DA:27,25
DA:31,28
DA:32,28
DA:33,28
DA:34,4
DA:35,4
DA:36,4
DA:37,24
DA:38,24
DA:40,0
DA:42,28
BRF:0
BRH:0
LF:21
LH:15
end_of_record
SF:/home/jesse/ry/crates/ryo3-zstd/src/constants.rs
FN:14,_RNvNtCs3sdAz1Bxt9D_9ryo3_zstd9constants9pymod_add
FNDA:8,_RNvNtCs3sdAz1Bxt9D_9ryo3_zstd9constants9pymod_add
FNF:1
FNH:1
DA:14,8
DA:15,8
DA:16,8
DA:17,8
DA:18,8
DA:35,8
DA:36,8
BRF:0
BRH:0
LF:7
LH:7
end_of_record
SF:/home/jesse/ry/crates/ryo3-zstd/src/oneshot.rs
FN:46,_RNvNtCs3sdAz1Bxt9D_9ryo3_zstd7oneshot10decompress
FN:46,_RNvNtCs3sdAz1Bxt9D_9ryo3_zstd7oneshot11zstd_decode
FN:58,_RNvNtCs3sdAz1Bxt9D_9ryo3_zstd7oneshot11zstd_encode
FN:58,_RNvNtCs3sdAz1Bxt9D_9ryo3_zstd7oneshot13zstd_compress
FN:46,_RNvNtCs3sdAz1Bxt9D_9ryo3_zstd7oneshot15zstd_decompress
FN:11,_RNvNtCs3sdAz1Bxt9D_9ryo3_zstd7oneshot23rs_zstd_decode_one_shot
FN:5,_RNvNtCs3sdAz1Bxt9D_9ryo3_zstd7oneshot24rs_zstd_compress_oneshot
FN:58,_RNvNtCs3sdAz1Bxt9D_9ryo3_zstd7oneshot4zstd
FN:46,_RNvNtCs3sdAz1Bxt9D_9ryo3_zstd7oneshot6decode
FN:46,_RNvNtCs3sdAz1Bxt9D_9ryo3_zstd7oneshot6unzstd
FN:82,_RNvNtCs3sdAz1Bxt9D_9ryo3_zstd7oneshot7is_zstd
FN:58,_RNvNtCs3sdAz1Bxt9D_9ryo3_zstd7oneshot8compress
FN:17,_RNvNtCs3sdAz1Bxt9D_9ryo3_zstd7oneshot9py_decode
FN:33,_RNvNtCs3sdAz1Bxt9D_9ryo3_zstd7oneshot9py_encode
FN:57,_RNCNvNtCs3sdAz1Bxt9D_9ryo3_zstd7oneshot17___pyfunction_zstd0B5_
FN:57,_RNCNvNtCs3sdAz1Bxt9D_9ryo3_zstd7oneshot21___pyfunction_compress0B5_
FN:12,_RNCNvNtCs3sdAz1Bxt9D_9ryo3_zstd7oneshot23rs_zstd_decode_one_shot0B5_
FN:57,_RNCNvNtCs3sdAz1Bxt9D_9ryo3_zstd7oneshot24___pyfunction_zstd_encode0B5_
FN:6,_RNCNvNtCs3sdAz1Bxt9D_9ryo3_zstd7oneshot24rs_zstd_compress_oneshot0B5_
FN:57,_RNCNvNtCs3sdAz1Bxt9D_9ryo3_zstd7oneshot26___pyfunction_zstd_compress0B5_
FNDA:0,_RNvNtCs3sdAz1Bxt9D_9ryo3_zstd7oneshot10decompress
FNDA:26,_RNvNtCs3sdAz1Bxt9D_9ryo3_zstd7oneshot11zstd_decode
FNDA:25,_RNvNtCs3sdAz1Bxt9D_9ryo3_zstd7oneshot11zstd_encode
FNDA:0,_RNvNtCs3sdAz1Bxt9D_9ryo3_zstd7oneshot13zstd_compress
FNDA:0,_RNvNtCs3sdAz1Bxt9D_9ryo3_zstd7oneshot15zstd_decompress
FNDA:26,_RNvNtCs3sdAz1Bxt9D_9ryo3_zstd7oneshot23rs_zstd_decode_one_shot
FNDA:25,_RNvNtCs3sdAz1Bxt9D_9ryo3_zstd7oneshot24rs_zstd_compress_oneshot
FNDA:0,_RNvNtCs3sdAz1Bxt9D_9ryo3_zstd7oneshot4zstd
FNDA:0,_RNvNtCs3sdAz1Bxt9D_9ryo3_zstd7oneshot6decode
FNDA:0,_RNvNtCs3sdAz1Bxt9D_9ryo3_zstd7oneshot6unzstd
FNDA:0,_RNvNtCs3sdAz1Bxt9D_9ryo3_zstd7oneshot7is_zstd
FNDA:0,_RNvNtCs3sdAz1Bxt9D_9ryo3_zstd7oneshot8compress
FNDA:26,_RNvNtCs3sdAz1Bxt9D_9ryo3_zstd7oneshot9py_decode
FNDA:25,_RNvNtCs3sdAz1Bxt9D_9ryo3_zstd7oneshot9py_encode
FNDA:0,_RNCNvNtCs3sdAz1Bxt9D_9ryo3_zstd7oneshot17___pyfunction_zstd0B5_
FNDA:0,_RNCNvNtCs3sdAz1Bxt9D_9ryo3_zstd7oneshot21___pyfunction_compress0B5_
FNDA:0,_RNCNvNtCs3sdAz1Bxt9D_9ryo3_zstd7oneshot23rs_zstd_decode_one_shot0B5_
FNDA:1,_RNCNvNtCs3sdAz1Bxt9D_9ryo3_zstd7oneshot24___pyfunction_zstd_encode0B5_
FNDA:0,_RNCNvNtCs3sdAz1Bxt9D_9ryo3_zstd7oneshot24rs_zstd_compress_oneshot0B5_
FNDA:0,_RNCNvNtCs3sdAz1Bxt9D_9ryo3_zstd7oneshot26___pyfunction_zstd_compress0B5_
FNF:10
FNH:7
DA:5,25
DA:6,25
DA:7,0
DA:8,0
DA:9,25
DA:11,26
DA:12,26
DA:13,0
DA:14,0
DA:15,26
DA:17,26
DA:18,26
DA:19,26
DA:20,26
DA:21,26
DA:22,26
DA:23,26
DA:31,26
DA:33,25
DA:34,25
DA:35,25
DA:36,25
DA:37,25
DA:38,25
DA:39,25
DA:40,25
DA:41,25
DA:46,26
DA:47,26
DA:48,26
DA:49,26
DA:50,26
DA:51,26
DA:57,1
DA:58,25
DA:59,25
DA:60,25
DA:61,25
DA:62,25
DA:63,25
DA:64,25
DA:82,0
DA:83,0
DA:84,0
DA:85,0
BRF:0
BRH:0
LF:47
LH:37
end_of_record
SF:/home/jesse/ry/crates/ryo3/src/libs.rs
FN:4,_RNvNtCs6myCTDfRRSF_4ryo34libs9pymod_add
FNDA:8,_RNvNtCs6myCTDfRRSF_4ryo34libs9pymod_add
FNF:1
FNH:1
DA:4,8
DA:6,8
DA:8,8
DA:10,8
DA:12,8
DA:14,8
DA:16,8
DA:18,8
DA:20,8
DA:22,8
DA:24,8
DA:26,8
DA:28,8
DA:30,8
DA:32,8
DA:34,8
DA:36,8
DA:38,8
DA:40,8
DA:42,8
DA:44,8
DA:46,8
DA:48,8
DA:50,8
DA:52,8
DA:53,8
DA:54,8
BRF:0
BRH:0
LF:27
LH:27
end_of_record
SF:/home/jesse/ry/crates/ryo3/src/ry/dev.rs
FN:11,_RNvNtNtCs6myCTDfRRSF_4ryo32ry3dev3dev
FN:17,_RNvNtNtCs6myCTDfRRSF_4ryo32ry3dev9pymod_add
FNDA:8,_RNvNtNtCs6myCTDfRRSF_4ryo32ry3dev3dev
FNDA:8,_RNvNtNtCs6myCTDfRRSF_4ryo32ry3dev9pymod_add
FNF:2
FNH:2
DA:11,8
DA:12,8
DA:14,8
DA:15,8
DA:17,8
DA:18,8
DA:20,8
DA:23,8
DA:24,8
DA:25,8
DA:26,8
DA:29,8
DA:30,8
DA:31,8
DA:32,8
DA:33,8
DA:35,8
DA:36,8
BRF:0
BRH:0
LF:18
LH:18
end_of_record
SF:/home/jesse/ry/crates/ryo3/src/ry/mod.rs
FN:16,_RNvNtCs6myCTDfRRSF_4ryo32ry9pymod_add
FNDA:8,_RNvNtCs6myCTDfRRSF_4ryo32ry9pymod_add
FNF:1
FNH:1
DA:16,8
DA:17,8
DA:18,8
DA:19,8
DA:20,8
DA:21,8
DA:22,8
DA:24,8
DA:27,8
DA:28,8
DA:29,8
BRF:0
BRH:0
LF:11
LH:11
end_of_record
SF:/home/jesse/ry/crates/ryo3/src/ry/sh.rs
FN:59,_RNCNCNvNtNtCs6myCTDfRRSF_4ryo32ry2sh2lss0_00B9_
FN:41,_RNCNvNtNtCs6myCTDfRRSF_4ryo32ry2sh2ls0B7_
FN:55,_RNCNvNtNtCs6myCTDfRRSF_4ryo32ry2sh2lss0_0B7_
FN:69,_RNCNvNtNtCs6myCTDfRRSF_4ryo32ry2sh2lss1_0B7_
FN:76,_RNCNvNtNtCs6myCTDfRRSF_4ryo32ry2sh2lss2_0B7_
FN:50,_RNCNvNtNtCs6myCTDfRRSF_4ryo32ry2sh2lss_0B7_
FN:13,_RNvNtNtCs6myCTDfRRSF_4ryo32ry2sh2cd
FN:28,_RNvNtNtCs6myCTDfRRSF_4ryo32ry2sh2ls
FN:98,_RNvNtNtCs6myCTDfRRSF_4ryo32ry2sh3pwd
FN:84,_RNvNtNtCs6myCTDfRRSF_4ryo32ry2sh5mkdir
FN:108,_RNvNtNtCs6myCTDfRRSF_4ryo32ry2sh9pymod_add
FNDA:8,_RNCNCNvNtNtCs6myCTDfRRSF_4ryo32ry2sh2lss0_00B9_
FNDA:0,_RNCNvNtNtCs6myCTDfRRSF_4ryo32ry2sh2ls0B7_
FNDA:8,_RNCNvNtNtCs6myCTDfRRSF_4ryo32ry2sh2lss0_0B7_
FNDA:4,_RNCNvNtNtCs6myCTDfRRSF_4ryo32ry2sh2lss1_0B7_
FNDA:4,_RNCNvNtNtCs6myCTDfRRSF_4ryo32ry2sh2lss2_0B7_
FNDA:0,_RNCNvNtNtCs6myCTDfRRSF_4ryo32ry2sh2lss_0B7_
FNDA:25,_RNvNtNtCs6myCTDfRRSF_4ryo32ry2sh2cd
FNDA:4,_RNvNtNtCs6myCTDfRRSF_4ryo32ry2sh2ls
FNDA:16,_RNvNtNtCs6myCTDfRRSF_4ryo32ry2sh3pwd
FNDA:52,_RNvNtNtCs6myCTDfRRSF_4ryo32ry2sh5mkdir
FNDA:8,_RNvNtNtCs6myCTDfRRSF_4ryo32ry2sh9pymod_add
FNF:11
FNH:9
DA:13,25
DA:14,25
DA:15,23
DA:16,2
DA:17,2
DA:18,2
DA:19,2
DA:20,2
DA:23,25
DA:28,4
DA:29,4
DA:30,4
DA:31,4
DA:32,4
DA:33,4
DA:34,4
DA:35,4
DA:36,3
DA:38,1
DA:39,1
DA:41,4
DA:42,0
DA:43,0
DA:44,0
DA:45,0
DA:47,4
DA:48,0
DA:49,0
DA:50,0
DA:51,0
DA:53,4
DA:54,4
DA:55,8
DA:56,8
DA:57,8
DA:58,8
DA:59,8
DA:60,8
DA:61,4
DA:63,4
DA:64,0
DA:65,4
DA:66,4
DA:67,2
DA:68,2
DA:69,4
DA:71,2
DA:72,2
DA:74,2
DA:75,2
DA:76,4
DA:77,2
DA:78,2
DA:80,4
DA:84,52
DA:85,52
DA:86,52
DA:87,52
DA:88,0
DA:89,0
DA:90,0
DA:91,0
DA:92,0
DA:95,52
DA:98,16
DA:99,16
DA:100,16
DA:101,16
DA:102,0
DA:103,0
DA:104,0
DA:106,16
DA:108,8
DA:109,8
DA:110,8
DA:111,8
DA:112,8
DA:115,8
DA:117,8
DA:118,8
BRF:0
BRH:0
LF:87
LH:67
end_of_record
SF:/home/jesse/ry/crates/ryo3/src/ry/submodules.rs
FN:6,_RNvNtNtCs6myCTDfRRSF_4ryo32ry10submodules11dirs_module
FN:39,_RNvNtNtCs6myCTDfRRSF_4ryo32ry10submodules4ulid
FN:32,_RNvNtNtCs6myCTDfRRSF_4ryo32ry10submodules4uuid
FN:53,_RNvNtNtCs6myCTDfRRSF_4ryo32ry10submodules4zstd
FN:46,_RNvNtNtCs6myCTDfRRSF_4ryo32ry10submodules6xxhash
FN:58,_RNvNtNtCs6myCTDfRRSF_4ryo32ry10submodules9pymod_add
FN:106,_RNCNvNtNtCs6myCTDfRRSF_4ryo32ry10submodules9pymod_add0B7_
FNDA:8,_RNvNtNtCs6myCTDfRRSF_4ryo32ry10submodules11dirs_module
FNDA:8,_RNvNtNtCs6myCTDfRRSF_4ryo32ry10submodules4ulid
FNDA:8,_RNvNtNtCs6myCTDfRRSF_4ryo32ry10submodules4uuid
FNDA:8,_RNvNtNtCs6myCTDfRRSF_4ryo32ry10submodules4zstd
FNDA:8,_RNvNtNtCs6myCTDfRRSF_4ryo32ry10submodules6xxhash
FNDA:8,_RNvNtNtCs6myCTDfRRSF_4ryo32ry10submodules9pymod_add
FNDA:8,_RNCNvNtNtCs6myCTDfRRSF_4ryo32ry10submodules9pymod_add0B7_
FNF:7
FNH:7
DA:6,8
DA:7,8
DA:8,8
DA:9,8
DA:32,8
DA:33,8
DA:34,8
DA:35,8
DA:39,8
DA:40,8
DA:41,8
DA:42,8
DA:46,8
DA:47,8
DA:48,8
DA:49,8
DA:53,8
DA:54,8
DA:55,8
DA:56,8
DA:58,8
DA:59,8
DA:61,8
DA:62,8
DA:63,8
DA:64,8
DA:67,8
DA:68,8
DA:69,8
DA:70,8
DA:73,8
DA:76,8
DA:79,8
DA:82,8
DA:84,8
DA:85,8
DA:86,8
DA:94,8
DA:95,8
DA:96,8
DA:99,8
DA:100,8
DA:101,8
DA:104,8
DA:105,8
DA:106,8
DA:109,8
DA:110,8
DA:111,8
DA:115,8
DA:116,8
DA:117,8
DA:118,8
DA:119,8
DA:120,8
BRF:0
BRH:0
LF:56
LH:56
end_of_record
SF:/home/jesse/ry/src/lager.rs
FN:56,_RNvNtCs7whMZznoNQ8_2ry5lager12tracing_init
FN:23,_RNvNtCs7whMZznoNQ8_2ry5lager13env_log_level
FN:8,_RNvNtCs7whMZznoNQ8_2ry5lager17env_var_is_falsey
FN:13,_RNvNtCs7whMZznoNQ8_2ry5lager21env_var_str_is_truthy
FNDA:8,_RNvNtCs7whMZznoNQ8_2ry5lager12tracing_init
FNDA:8,_RNvNtCs7whMZznoNQ8_2ry5lager13env_log_level
FNDA:0,_RNvNtCs7whMZznoNQ8_2ry5lager17env_var_is_falsey
FNDA:0,_RNvNtCs7whMZznoNQ8_2ry5lager21env_var_str_is_truthy
FNF:4
FNH:2
DA:8,0
DA:9,0
DA:10,0
DA:11,0
DA:13,0
DA:14,0
DA:15,0
DA:23,8
DA:25,8
DA:26,0
DA:28,0
DA:29,8
DA:31,8
DA:32,0
DA:34,0
DA:35,8
DA:37,24
DA:38,24
DA:39,0
DA:40,0
DA:41,0
DA:42,0
DA:43,0
DA:44,0
DA:45,0
DA:46,0
DA:48,0
DA:51,24
DA:53,8
DA:54,8
DA:56,8
DA:58,8
DA:59,8
DA:60,8
DA:61,0
DA:64,8
DA:65,8
DA:66,8
DA:67,8
DA:69,8
DA:70,8
DA:71,8
DA:72,8
DA:73,8
DA:75,8
DA:77,0
DA:78,0
DA:81,8
DA:82,8
BRF:0
BRH:0
LF:49
LH:26
end_of_record
SF:/home/jesse/ry/src/lib.rs
FN:64,_RNCNvCs7whMZznoNQ8_2ry2ry0B3_
FN:46,_RNvCs7whMZznoNQ8_2ry16warn_debug_build
FN:62,_RNvCs7whMZznoNQ8_2ry2ry
FNDA:0,_RNCNvCs7whMZznoNQ8_2ry2ry0B3_
FNDA:8,_RNvCs7whMZznoNQ8_2ry16warn_debug_build
FNDA:8,_RNvCs7whMZznoNQ8_2ry2ry
FNF:3
FNH:2
DA:46,8
DA:50,8
DA:51,8
DA:52,8
DA:53,8
DA:54,8
DA:55,8
DA:62,8
DA:63,8
DA:64,8
DA:65,8
DA:67,8
DA:68,8
DA:69,8
DA:70,8
DA:72,8
DA:73,8
DA:74,8
DA:75,8
DA:76,8
DA:77,8
DA:78,8
DA:79,8
DA:82,8
DA:84,8
DA:85,8
DA:86,8
BRF:0
BRH:0
LF:28
LH:27
end_of_record